02
F0
C0
40
F8
7F
A0
04
00
20
F0
40
01
02
FF
FF
08
60
01
D0
10
10
7F
08
08
02
E0
F8
18
C0
10
80
00
02
01
10
60
20
FF
20
18
7F
30
FC
E0
FF
C0
A0
30
E0
D0
7F
04
FC
01
04
FC
FC
30
00
10
30
04
D0
60
80
D0
40
02
02
E0
00
10
FE
18
E0
F8
D0
10
D0
FE
E0
01
10
C0
00
FC
02
30
30
00
A0
7F
30
02
C0
FC
60
E0
A0
FC
D0
02
F8
FF
30
00
10
04
30
D0
30
C0
E0
A0
18
04
20
FC
F8
60
00
20
60
F0
80
FC
40
