D0
D0
E0
D0
30
80
08
F0
30
A0
10
D0
E0
80
FC
7F
A0
FE
FF
80
20
FF
7F
08
FC
08
10
30
01
08
01
01
7F
60
08
D0
7F
40
80
20
A0
FE
02
18
20
04
FC
80
FE
FC
D0
F8
01
F8
F0
F8
E0
60
E0
08
30
FE
FF
10
04
7F
30
18
C0
FC
FE
FE
30
02
7F
30
40
20
04
20
80
F8
80
FE
F8
80
FC
D0
04
F0
40
A0
80
40
00
08
04
A0
C0
02
20
30
FF
08
80
D0
F0
E0
7F
20
E0
FF
18
FF
02
10
80
7F
40
08
D0
18
00
C0
C0
08
80
00
