80
00
20
FF
60
30
A0
E0
F0
F8
08
E0
04
80
7F
40
30
FC
7F
04
FE
00
80
40
18
A0
60
30
00
FF
F8
10
02
60
FC
01
D0
02
F8
E0
A0
F8
A0
F0
C0
60
18
10
F0
F0
18
D0
80
7F
04
FE
C0
FC
40
30
00
C0
E0
F8
C0
20
40
A0
40
A0
80
02
00
01
01
7F
40
C0
80
30
18
40
D0
D0
08
40
C0
02
F0
20
18
08
FE
08
FF
C0
40
D0
00
01
80
18
60
D0
D0
10
FE
FC
D0
80
FC
A0
FE
08
08
A0
20
08
F8
A0
7F
D0
01
18
F8
C0
C0
FC
