40
18
FF
04
08
E0
10
02
18
01
00
FF
02
FE
FE
00
30
04
E0
F0
FE
00
02
F0
F8
04
00
08
F0
02
7F
E0
00
40
C0
01
80
04
04
04
00
D0
F0
E0
A0
00
08
7F
E0
C0
FF
01
FF
18
20
01
10
A0
FE
00
D0
20
60
60
60
18
18
80
FC
10
F0
04
FC
C0
7F
30
F0
F0
10
80
40
00
A0
30
02
FF
F8
08
20
7F
20
F0
FC
7F
FC
D0
F8
A0
10
08
08
FE
80
08
FF
08
00
30
F0
C0
60
FF
80
04
FC
FC
60
04
20
40
FC
40
C0
A0
40
FF
80
30
