80
18
18
30
F0
20
FE
A0
40
D0
FF
F0
04
20
00
FF
FE
18
C0
C0
10
80
60
02
04
C0
7F
FC
7F
C0
02
F0
FF
04
F8
04
00
F0
01
30
04
A0
7F
01
A0
E0
D0
FF
A0
18
7F
FC
20
20
40
FC
FF
FE
04
10
FF
40
20
E0
08
D0
80
80
18
7F
02
E0
80
10
A0
18
E0
01
FF
F0
F0
08
C0
18
01
FF
30
FF
30
FC
FC
08
F0
E0
10
F0
F0
F8
10
C0
F0
FE
08
18
04
20
60
40
04
80
FE
40
04
02
A0
10
A0
30
18
10
10
20
80
F0
08
20
F0
02
