C0
00
FE
A0
7F
30
00
04
20
04
40
01
A0
D0
D0
30
80
18
FC
7F
FF
18
60
FE
E0
18
C0
F0
00
40
A0
18
04
FC
F0
30
18
A0
18
10
00
FF
7F
F0
FE
C0
01
7F
60
D0
F0
18
FF
7F
20
7F
C0
04
08
08
30
04
00
30
01
01
FE
C0
80
E0
08
00
A0
01
20
04
7F
00
80
FC
A0
00
40
30
F0
C0
FE
FC
F8
C0
7F
80
10
00
F0
04
E0
02
04
01
01
60
00
30
02
C0
E0
F0
10
F0
30
01
40
FE
01
FC
FF
E0
D0
08
04
00
18
20
30
00
FF
F8
