D0
D0
80
A0
00
30
A0
60
E0
FF
A0
C0
01
40
7F
30
E0
10
F0
FF
18
FC
C0
D0
F8
C0
60
C0
18
F0
7F
FE
D0
A0
04
C0
E0
80
FF
20
01
80
40
60
04
D0
08
00
20
40
C0
C0
20
18
F8
18
D0
FF
10
00
80
40
08
60
F0
10
20
08
80
D0
10
C0
F8
FC
E0
18
FE
A0
30
FC
F0
10
FE
10
20
20
18
F8
F0
20
20
80
F0
20
40
60
02
C0
18
01
30
30
40
FE
18
60
01
FE
30
E0
F8
F8
10
08
F8
A0
F8
D0
02
20
30
10
08
F8
30
40
02
F8
