FC
C0
FC
C0
FF
A0
10
30
A0
FF
A0
04
60
00
7F
C0
40
7F
FC
7F
FE
02
80
02
7F
02
D0
FE
FF
02
F0
80
FE
04
E0
20
18
30
04
08
FF
01
60
02
40
FC
80
60
10
A0
FF
01
18
18
C0
F8
30
FF
00
7F
20
D0
00
10
FC
80
A0
F8
A0
7F
C0
80
40
F0
FC
30
04
7F
01
08
18
30
FF
30
08
04
80
60
01
80
E0
D0
FF
00
C0
E0
00
E0
60
F8
C0
7F
80
30
30
FF
40
18
FE
FE
02
C0
20
00
E0
FE
04
01
FC
FC
40
F0
18
02
18
FE
C0
18
