80
04
30
FC
18
00
D0
02
60
30
10
F0
20
01
7F
02
F8
F0
00
10
08
10
F8
A0
00
D0
FE
10
FE
FE
7F
08
80
40
E0
F0
7F
FE
40
10
18
40
30
7F
D0
60
18
30
C0
FC
60
02
FE
FC
40
E0
02
FC
30
C0
C0
FE
7F
A0
18
D0
FF
60
F0
10
00
F0
40
FE
40
18
C0
D0
F0
01
E0
FC
FE
F0
A0
F0
60
F0
C0
FE
60
00
00
20
10
18
60
FC
30
F8
18
80
80
D0
08
FF
00
04
F0
C0
10
10
04
10
00
C0
00
80
D0
80
10
F8
30
D0
00
80
04
10
