A0
FF
C0
7F
80
30
F8
A0
FE
D0
00
A0
FE
A0
30
18
F8
20
F0
10
A0
10
FE
00
04
FF
FE
30
A0
D0
FF
30
40
D0
FC
10
60
18
80
F8
E0
08
00
80
C0
7F
E0
F8
08
F0
02
F0
00
F8
00
F0
60
10
01
A0
C0
D0
A0
18
02
F8
01
10
00
60
60
08
00
10
04
F0
04
FE
FE
00
30
02
F0
7F
A0
10
00
7F
60
18
FF
7F
18
02
FE
FC
80
A0
30
01
80
FE
02
40
F8
02
80
7F
80
7F
04
D0
E0
04
08
F0
08
FE
02
40
60
00
F0
F8
7F
F8
F0
F0
