FF
FF
E0
02
F8
80
04
08
F0
D0
01
30
01
FC
04
C0
08
FC
04
F8
80
04
04
60
A0
01
E0
02
18
A0
18
00
00
30
A0
40
F0
10
08
A0
60
80
D0
FF
02
18
7F
60
FF
00
00
7F
00
FF
FC
FC
D0
D0
FF
01
F0
FC
80
80
C0
FF
FF
20
E0
FE
F8
7F
20
FF
20
FF
02
30
7F
30
30
60
08
FF
18
F8
D0
60
10
02
C0
7F
40
7F
D0
10
60
08
F0
60
FE
E0
FE
00
80
04
60
08
01
10
60
20
FE
01
10
A0
04
7F
00
FE
02
00
F0
80
60
18
30
FE
