F0
FE
04
20
08
40
08
40
F8
D0
20
FE
7F
FF
30
02
30
F8
10
01
F0
80
FF
18
00
30
FF
08
08
30
A0
04
00
18
7F
30
02
01
00
FF
FE
FE
01
F0
F8
F8
08
10
80
10
FF
7F
80
FC
FC
A0
FF
20
A0
F0
18
18
FE
08
04
80
F8
04
F8
01
60
08
D0
E0
00
80
01
FC
08
08
30
01
40
08
F8
01
A0
D0
FE
20
10
F0
08
20
04
A0
E0
D0
20
D0
FE
20
D0
7F
10
60
08
FF
04
40
FC
60
A0
FC
20
18
F0
F0
7F
00
F0
FE
FF
C0
10
C0
02
20
