00
A0
01
00
01
A0
F8
D0
08
00
C0
F0
20
30
02
F8
C0
04
FE
F8
F0
7F
40
08
FC
E0
08
E0
00
E0
A0
F0
18
F8
D0
F8
D0
80
FF
40
01
F0
00
40
60
60
FC
60
FF
F0
40
F0
10
08
FF
A0
C0
00
FF
C0
7F
C0
C0
02
7F
F0
10
02
30
18
60
C0
10
10
08
60
40
FC
20
02
A0
10
60
10
E0
00
10
40
01
F8
80
E0
18
C0
FC
F0
C0
FC
04
D0
D0
02
FF
01
F8
FE
04
F0
FE
40
F8
E0
FC
A0
F0
FC
02
04
FC
FF
FC
30
60
C0
01
00
D0
FC
