80
C0
FF
10
20
80
F0
E0
E0
18
10
C0
08
00
C0
10
7F
F0
F0
10
80
10
F8
80
40
7F
00
E0
30
C0
F8
01
30
F8
18
FC
60
E0
40
E0
E0
04
F0
E0
02
04
FC
F0
C0
02
F8
D0
FF
60
FF
01
02
C0
C0
FE
02
20
7F
7F
F0
80
A0
60
01
A0
E0
FC
A0
F0
40
80
80
60
80
F8
04
FE
7F
FE
04
02
18
FF
00
C0
D0
C0
E0
30
08
A0
C0
7F
60
80
04
08
04
FC
40
F0
FE
01
00
D0
04
18
7F
FC
10
20
C0
C0
F0
60
20
30
18
60
02
D0
60
18
