7F
7F
FC
80
60
40
FF
FC
02
02
A0
08
00
7F
F0
FF
08
A0
10
D0
F8
F8
F0
80
80
FC
D0
08
80
7F
FC
02
C0
02
FF
FE
60
40
30
A0
F8
00
F8
04
80
F0
10
18
FF
E0
30
02
18
08
F0
C0
FC
10
18
FC
30
A0
FE
02
80
04
FE
40
00
02
00
10
10
10
20
02
10
F8
F8
10
30
00
10
FE
60
A0
01
FF
20
02
18
02
04
20
00
00
20
10
01
D0
30
FE
04
10
80
FF
00
04
02
30
60
E0
00
08
08
F0
20
18
C0
FE
30
00
18
30
18
D0
60
40
