10
7F
40
C0
7F
40
FE
A0
FE
40
D0
FC
C0
FE
18
D0
08
08
F8
04
08
30
08
10
FF
E0
30
F8
60
FC
60
D0
08
F8
02
C0
08
A0
40
40
F0
18
30
60
7F
04
08
20
18
FC
D0
08
E0
F0
FF
60
20
10
E0
FE
80
FC
30
A0
A0
7F
10
D0
10
01
7F
E0
00
D0
FE
02
C0
10
FE
30
01
80
04
08
C0
FC
01
F8
D0
E0
7F
C0
60
18
04
20
18
E0
40
A0
60
18
30
D0
A0
60
60
80
F0
D0
E0
F8
60
80
40
10
10
18
F8
A0
FC
04
02
D0
FE
04
D0
E0
