18
F8
E0
01
01
02
00
60
04
FC
60
40
18
FC
20
08
D0
A0
F8
01
A0
D0
01
10
10
FE
10
FF
E0
E0
FC
18
10
F0
F0
20
E0
E0
E0
80
10
20
04
A0
60
A0
C0
10
A0
FE
40
C0
80
A0
D0
7F
C0
FF
E0
00
FE
10
20
04
7F
10
40
FE
E0
F8
08
02
02
01
18
F0
60
04
08
FF
30
40
FF
FF
20
E0
C0
7F
60
00
08
7F
FF
80
04
F0
7F
C0
04
E0
40
10
18
20
01
40
D0
7F
20
08
18
A0
F0
7F
01
C0
40
18
30
FF
04
02
C0
60
01
FE
F0
60
