02
10
80
FF
04
7F
08
FC
FE
10
02
04
FF
02
A0
FC
FC
80
F8
10
10
60
7F
10
18
60
08
04
30
F0
A0
E0
04
10
18
01
A0
FE
08
A0
04
D0
02
FE
20
01
F0
40
10
E0
7F
A0
A0
FC
FC
02
10
F8
00
F8
30
80
F8
E0
10
7F
02
D0
60
10
10
20
FF
D0
C0
7F
04
30
FF
D0
FC
C0
FF
00
FE
02
20
F8
04
08
01
20
30
18
04
20
C0
18
18
FC
30
FF
60
04
F8
7F
02
C0
40
E0
A0
04
08
01
10
E0
01
FE
08
18
10
FC
04
30
A0
F8
F8
7F
