02
60
FC
18
60
02
20
60
FC
18
A0
30
04
04
FC
02
7F
A0
10
08
7F
F8
30
E0
40
FE
C0
02
D0
18
F8
40
F0
FC
01
08
A0
02
FE
A0
FE
18
D0
20
A0
FF
18
01
08
F0
00
10
80
FF
F0
30
60
FF
F0
18
08
A0
F8
E0
80
D0
E0
D0
FF
10
FF
40
18
80
7F
F0
30
10
FF
80
10
20
08
01
E0
04
60
80
00
80
01
00
20
F8
D0
04
A0
02
FE
F0
80
04
C0
FE
A0
FE
30
FC
F8
00
FC
A0
D0
30
08
30
10
FF
F0
C0
FF
08
FC
FE
02
60
04
F8
