F8
E0
18
FE
E0
01
F8
80
80
7F
08
80
18
D0
18
A0
00
10
7F
30
40
FE
00
08
10
08
60
FF
60
18
F8
D0
01
40
FE
18
7F
A0
F0
C0
E0
40
01
F8
80
FC
02
10
01
08
FE
20
02
7F
40
30
20
80
60
18
F8
00
D0
04
04
C0
D0
A0
7F
30
20
C0
C0
30
F8
C0
FE
02
FC
10
80
04
01
7F
00
18
80
D0
F0
80
60
A0
80
18
F0
F0
E0
D0
D0
A0
80
08
F8
18
F8
80
F8
20
80
04
D0
60
20
40
A0
40
FE
A0
00
01
10
F8
60
7F
F0
F0
F8
C0
