40
F0
01
FF
FC
30
10
01
10
60
FE
30
10
00
A0
E0
10
E0
F8
00
A0
02
D0
FE
10
01
7F
00
80
D0
02
C0
60
10
10
04
D0
10
02
F8
20
10
20
D0
C0
30
C0
FC
18
FE
80
FF
10
F0
FF
7F
FF
00
02
01
80
04
A0
02
F8
01
80
7F
F8
F0
D0
E0
E0
10
A0
E0
10
D0
FC
FF
02
F8
30
FF
02
00
FE
18
40
60
30
F0
FC
FF
00
7F
20
7F
80
04
F8
FC
30
C0
80
E0
D0
00
01
A0
08
10
01
01
FF
F8
40
01
20
A0
E0
60
E0
10
01
FC
80
F8
