7F
FC
FE
01
7F
80
08
20
01
D0
A0
80
A0
10
C0
C0
E0
01
F8
10
04
FC
04
FE
04
30
FE
20
60
08
FE
10
FF
60
04
F8
08
7F
40
40
E0
A0
10
A0
F8
FE
7F
80
E0
FC
18
20
18
30
30
7F
80
10
40
10
04
A0
01
04
FC
02
7F
10
04
10
04
20
80
60
D0
A0
40
18
E0
80
40
F0
01
02
40
20
01
7F
A0
FC
01
08
20
80
C0
40
F8
20
C0
F0
18
80
FF
80
01
08
04
30
40
02
A0
01
02
10
F0
10
FC
C0
F0
FF
02
FE
40
A0
FF
00
02
10
