7F
F8
18
10
FF
20
F0
02
F0
00
FC
F0
18
FE
D0
04
FC
10
F0
00
FE
F8
40
D0
FE
80
30
80
F0
A0
30
30
FF
04
FF
04
D0
40
20
04
E0
01
FC
00
D0
40
30
02
00
40
00
00
04
00
80
C0
60
D0
30
04
C0
18
7F
7F
08
FF
D0
01
20
04
F0
D0
02
FC
FC
80
08
18
D0
30
C0
F0
80
00
80
7F
A0
02
FE
20
F0
10
08
D0
02
D0
20
D0
08
C0
80
30
FC
60
00
02
02
F8
01
FF
00
C0
02
C0
FF
30
10
7F
00
F8
02
00
60
80
00
C0
40
80
