F0
08
D0
FE
E0
E0
10
FE
A0
00
7F
FF
C0
08
FE
20
10
40
18
FE
FC
40
00
40
01
00
A0
08
F8
F0
40
01
80
30
10
40
02
80
01
FC
FE
A0
04
40
FF
F8
04
08
E0
10
7F
F0
F0
02
20
D0
A0
40
F0
F0
00
00
04
7F
E0
FC
A0
20
D0
7F
C0
7F
08
A0
A0
01
18
60
20
08
7F
02
C0
18
7F
FF
C0
A0
30
04
60
08
08
60
FF
C0
F8
F8
FE
10
60
7F
D0
20
C0
E0
60
FC
F8
7F
D0
30
08
30
18
D0
FF
08
E0
FE
F8
20
F0
D0
04
A0
18
18
