20
FC
F8
FE
10
10
02
08
20
A0
C0
FF
60
10
7F
D0
80
F0
08
FC
30
60
FF
C0
04
F0
00
F0
F0
C0
FC
FF
F0
00
A0
A0
D0
FF
04
30
A0
F0
18
20
E0
00
80
18
20
A0
20
FC
40
F0
30
04
C0
D0
FC
E0
40
01
E0
02
08
FF
F0
D0
FE
FC
18
08
D0
C0
A0
02
10
A0
01
A0
A0
60
02
10
D0
10
C0
7F
FC
F8
FC
60
FF
F0
A0
A0
40
E0
E0
80
04
D0
04
C0
A0
18
80
01
30
04
08
A0
FF
00
F0
FC
20
01
D0
40
C0
FE
7F
FE
D0
30
7F
00
