40
60
C0
F0
F0
FF
60
E0
A0
F0
A0
FE
10
F0
30
08
E0
30
10
FF
04
01
20
18
02
18
F8
08
F0
D0
FE
18
20
F8
08
7F
FE
7F
01
A0
FE
30
FF
FC
20
00
08
20
60
FE
02
FF
80
40
A0
F8
7F
30
60
D0
FC
C0
08
40
10
01
F8
60
FF
A0
F0
F0
20
FC
FE
02
C0
7F
A0
04
30
04
30
30
00
F0
C0
F0
40
01
00
00
02
C0
E0
30
E0
80
D0
7F
60
F0
FE
02
F0
08
FF
80
02
20
60
FF
FE
FC
FE
40
80
E0
08
E0
30
02
80
FE
01
7F
00
F0
