40
C0
F0
FE
FE
7F
C0
08
00
F8
60
08
01
D0
FE
C0
20
30
60
00
C0
18
10
FF
30
FE
02
04
FC
01
F8
7F
30
A0
10
D0
60
FE
02
FC
D0
60
E0
A0
00
FC
D0
01
7F
C0
60
08
F0
C0
40
08
60
04
02
FC
30
7F
D0
FF
01
30
10
7F
04
80
A0
A0
FC
C0
04
FE
02
F0
F0
60
08
10
30
C0
F0
18
10
18
18
02
08
20
FF
F8
00
04
FE
01
10
01
FC
FF
30
00
18
20
10
04
20
40
E0
F8
60
F0
F0
08
FC
20
7F
04
FC
02
80
7F
08
08
7F
00
