C0
18
10
80
FE
60
00
A0
7F
FC
04
00
10
A0
01
02
80
10
FF
F0
F0
04
60
60
A0
20
D0
20
20
30
F0
FC
02
01
FF
01
80
40
18
02
D0
F0
20
7F
60
08
D0
60
08
02
C0
A0
60
7F
E0
FC
18
F0
00
10
FC
FC
F0
04
01
A0
40
08
A0
F0
C0
20
30
08
08
7F
60
08
A0
FF
60
C0
FF
40
D0
60
D0
F0
40
FC
18
40
F0
30
10
04
30
7F
00
10
C0
D0
FE
80
40
FE
60
A0
E0
F0
10
80
10
20
FE
60
18
18
7F
F0
08
60
C0
10
20
A0
E0
00
