A0
20
F8
F8
A0
F8
C0
20
04
00
F0
D0
01
FC
30
FF
FE
40
C0
20
00
30
01
80
20
02
04
80
20
30
80
C0
10
01
A0
10
FE
04
10
00
FF
02
F8
00
30
01
D0
30
D0
C0
40
F0
A0
F8
FF
20
FC
7F
10
C0
20
00
7F
FE
D0
F8
F8
D0
F0
C0
FF
C0
02
E0
FE
FF
A0
FE
20
10
60
40
40
D0
80
10
30
40
30
FF
00
A0
40
20
60
20
A0
18
E0
E0
10
F8
A0
FF
01
E0
7F
18
E0
FC
08
E0
18
01
01
7F
04
01
04
10
18
18
20
30
A0
20
08
02
