00
FE
C0
08
20
C0
10
20
02
FE
20
C0
10
08
80
04
00
A0
FC
18
A0
7F
40
7F
40
40
A0
E0
80
08
FE
C0
FE
00
7F
F8
01
FE
FC
FF
40
30
FF
08
D0
01
02
E0
FF
F0
04
A0
18
02
02
00
18
F8
F0
7F
00
C0
18
FF
FE
A0
7F
40
F0
FF
10
18
60
FF
C0
C0
20
F8
10
7F
D0
80
40
30
7F
7F
FF
F0
80
7F
F0
F8
80
18
F0
FF
00
C0
F0
01
10
60
08
00
20
40
80
E0
FF
00
30
00
FE
18
E0
F0
60
04
FF
08
01
08
FF
18
F8
80
7F
F8
