C0
02
30
A0
C0
A0
A0
D0
E0
20
00
18
40
40
02
40
01
00
C0
20
D0
18
60
D0
A0
A0
10
C0
01
20
10
FF
04
E0
F0
40
80
02
7F
FC
7F
E0
20
40
FE
40
18
FE
7F
80
01
FE
18
D0
60
F8
08
18
A0
A0
60
E0
02
08
FC
02
E0
30
04
F8
7F
08
E0
FF
60
02
30
04
FF
F8
01
40
00
C0
00
08
FC
FE
7F
00
30
30
40
80
10
00
80
60
F8
00
20
80
10
10
A0
08
01
01
60
30
C0
7F
02
FE
30
04
FE
F8
F8
00
40
F0
80
F0
E0
A0
F0
7F
