E0
02
E0
F8
01
18
02
60
FC
00
F0
E0
D0
30
80
60
FF
F8
18
20
F0
FE
7F
20
04
30
F8
7F
02
60
18
10
60
04
FC
40
F8
02
7F
F8
30
40
30
80
40
7F
FF
FF
F8
FC
60
80
00
A0
F0
04
F0
E0
D0
60
FC
D0
08
30
08
80
30
C0
A0
D0
C0
20
80
04
18
80
30
04
60
01
10
D0
7F
FE
E0
30
08
04
01
08
02
20
08
D0
10
18
FC
00
00
00
A0
FC
FC
08
D0
D0
18
E0
00
E0
00
F8
80
18
7F
60
FE
20
E0
18
00
04
04
10
00
FC
10
FC
