#! /c/Source/iverilog-install/bin/vvp
:ivl_version "12.0 (devel)" "(s20150603-1539-g2693dd32b)";
:ivl_delay_selection "TYPICAL";
:vpi_time_precision - 10;
:vpi_module "C:\iverilog\lib\ivl\system.vpi";
:vpi_module "C:\iverilog\lib\ivl\vhdl_sys.vpi";
:vpi_module "C:\iverilog\lib\ivl\vhdl_textio.vpi";
:vpi_module "C:\iverilog\lib\ivl\v2005_math.vpi";
:vpi_module "C:\iverilog\lib\ivl\va_math.vpi";
:vpi_module "C:\iverilog\lib\ivl\v2009.vpi";
S_000002982f094e40 .scope package, "$unit" "$unit" 2 1;
 .timescale 0 0;
S_000002982f0948e0 .scope module, "mem_fetch_unit_tb" "mem_fetch_unit_tb" 3 5;
 .timescale -9 -10;
P_000002982ef81f10 .param/l "DATA_WIDTH" 1 3 7, +C4<00000000000000000000000010000000>;
P_000002982ef81f48 .param/l "FEATURE_WIDTH" 1 3 8, +C4<00000000000000000000000010000000>;
v000002982f130bf0_0 .var "clk", 0 0;
v000002982f130fb0_0 .net "features_out", 127 0, v000002982f0cbb40_0;  1 drivers
v000002982f1308d0_0 .var "fetch", 0 0;
v000002982f1317d0_0 .var "mem_data", 127 0;
v000002982f131190_0 .net "ready", 0 0, v000002982f131730_0;  1 drivers
v000002982f131230_0 .var "resetN", 0 0;
v000002982f130dd0_0 .net "updated", 0 0, v000002982f131050_0;  1 drivers
v000002982f130970_0 .var "valid", 0 0;
S_000002982f09aeb0 .scope task, "check_cycle" "check_cycle" 3 73, 3 73 0, S_000002982f0948e0;
 .timescale -9 -10;
v000002982f094fd0_0 .var "expected_features", 127 0;
v000002982ef8dfb0_0 .var "expected_ready", 0 0;
v000002982f0a3dd0_0 .var "expected_updated", 0 0;
v000002982f094a70_0 .var "test_fetch", 0 0;
v000002982ef8d760_0 .var "test_mem_data", 127 0;
v000002982f09b040_0 .var "test_name", 255 0;
v000002982f09b0e0_0 .var "test_resetN", 0 0;
v000002982f09b180_0 .var "test_valid", 0 0;
E_000002982f098140 .event posedge, v000002982f09b220_0;
TD_mem_fetch_unit_tb.check_cycle ;
    %load/vec4 v000002982f09b0e0_0;
    %assign/vec4 v000002982f131230_0, 0;
    %load/vec4 v000002982f094a70_0;
    %assign/vec4 v000002982f1308d0_0, 0;
    %load/vec4 v000002982f09b180_0;
    %assign/vec4 v000002982f130970_0, 0;
    %load/vec4 v000002982ef8d760_0;
    %assign/vec4 v000002982f1317d0_0, 0;
    %wait E_000002982f098140;
    %delay 20, 0;
    %load/vec4 v000002982f131190_0;
    %load/vec4 v000002982ef8dfb0_0;
    %cmp/ne;
    %jmp/1 T_0.3, 6;
    %flag_mov 8, 6;
    %load/vec4 v000002982f130dd0_0;
    %load/vec4 v000002982f0a3dd0_0;
    %cmp/ne;
    %flag_or 6, 8;
T_0.3;
    %jmp/1 T_0.2, 6;
    %flag_mov 8, 6;
    %load/vec4 v000002982f130fb0_0;
    %load/vec4 v000002982f094fd0_0;
    %cmp/ne;
    %flag_or 6, 8;
T_0.2;
    %jmp/0xz  T_0.0, 6;
    %vpi_call/w 3 93 "$error", "FAIL: %0s | resetN=%0b fetch=%0b valid=%0b ready=%0b expected_ready=%0b updated=%0b expected_updated=%0b features=%032h expected_features=%032h", v000002982f09b040_0, v000002982f09b0e0_0, v000002982f094a70_0, v000002982f09b180_0, v000002982f131190_0, v000002982ef8dfb0_0, v000002982f130dd0_0, v000002982f0a3dd0_0, v000002982f130fb0_0, v000002982f094fd0_0 {0 0 0};
    %vpi_call/w 3 96 "$finish" {0 0 0};
    %jmp T_0.1;
T_0.0 ;
    %vpi_call/w 3 99 "$display", "PASS: %0s", v000002982f09b040_0 {0 0 0};
T_0.1 ;
    %end;
S_000002982f0cb8c0 .scope module, "dut" "mem_fetch_unit" 3 24, 4 4 0, S_000002982f0948e0;
 .timescale -9 -10;
    .port_info 0 /INPUT 1 "clk";
    .port_info 1 /INPUT 1 "resetN";
    .port_info 2 /INPUT 1 "fetch";
    .port_info 3 /INPUT 1 "valid";
    .port_info 4 /INPUT 128 "mem_data";
    .port_info 5 /OUTPUT 1 "ready";
    .port_info 6 /OUTPUT 128 "features_out";
    .port_info 7 /OUTPUT 1 "updated";
P_000002982f0cba50 .param/l "DATA_WIDTH" 0 4 15, +C4<00000000000000000000000010000000>;
P_000002982f0cba88 .param/l "FEATURE_WIDTH" 0 4 16, +C4<00000000000000000000000010000000>;
P_000002982f0cbac0 .param/l "STATE_IDLE" 1 4 33, C4<0>;
P_000002982f0cbaf8 .param/l "STATE_PENDING" 1 4 34, C4<1>;
v000002982f09b220_0 .net "clk", 0 0, v000002982f130bf0_0;  1 drivers
v000002982f0cbb40_0 .var "features_out", 127 0;
v000002982f0cbbe0_0 .net "fetch", 0 0, v000002982f1308d0_0;  1 drivers
v000002982f0cbc80_0 .net "mem_data", 127 0, v000002982f1317d0_0;  1 drivers
v000002982f131730_0 .var "ready", 0 0;
v000002982f130b50_0 .net "resetN", 0 0, v000002982f131230_0;  1 drivers
v000002982f130c90_0 .var "state", 0 0;
v000002982f131050_0 .var "updated", 0 0;
v000002982f130d30_0 .net "valid", 0 0, v000002982f130970_0;  1 drivers
E_000002982f097b40/0 .event negedge, v000002982f130b50_0;
E_000002982f097b40/1 .event posedge, v000002982f09b220_0;
E_000002982f097b40 .event/or E_000002982f097b40/0, E_000002982f097b40/1;
    .scope S_000002982f0cb8c0;
T_1 ;
    %wait E_000002982f097b40;
    %load/vec4 v000002982f130b50_0;
    %nor/r;
    %flag_set/vec4 8;
    %jmp/0xz  T_1.0, 8;
    %pushi/vec4 0, 0, 1;
    %assign/vec4 v000002982f130c90_0, 10;
    %pushi/vec4 0, 0, 1;
    %assign/vec4 v000002982f131730_0, 10;
    %pushi/vec4 0, 0, 128;
    %assign/vec4 v000002982f0cbb40_0, 10;
    %pushi/vec4 0, 0, 1;
    %assign/vec4 v000002982f131050_0, 10;
    %jmp T_1.1;
T_1.0 ;
    %load/vec4 v000002982f130c90_0;
    %dup/vec4;
    %pushi/vec4 0, 0, 1;
    %cmp/u;
    %jmp/1 T_1.2, 6;
    %dup/vec4;
    %pushi/vec4 1, 0, 1;
    %cmp/u;
    %jmp/1 T_1.3, 6;
    %pushi/vec4 0, 0, 1;
    %assign/vec4 v000002982f130c90_0, 10;
    %pushi/vec4 0, 0, 1;
    %assign/vec4 v000002982f131730_0, 10;
    %pushi/vec4 0, 0, 1;
    %assign/vec4 v000002982f131050_0, 10;
    %jmp T_1.5;
T_1.2 ;
    %pushi/vec4 0, 0, 1;
    %assign/vec4 v000002982f131730_0, 10;
    %pushi/vec4 0, 0, 1;
    %assign/vec4 v000002982f131050_0, 10;
    %load/vec4 v000002982f0cbbe0_0;
    %flag_set/vec4 8;
    %jmp/0xz  T_1.6, 8;
    %pushi/vec4 1, 0, 1;
    %assign/vec4 v000002982f130c90_0, 10;
    %pushi/vec4 1, 0, 1;
    %assign/vec4 v000002982f131730_0, 10;
T_1.6 ;
    %jmp T_1.5;
T_1.3 ;
    %pushi/vec4 1, 0, 1;
    %assign/vec4 v000002982f131730_0, 10;
    %pushi/vec4 0, 0, 1;
    %assign/vec4 v000002982f131050_0, 10;
    %load/vec4 v000002982f130d30_0;
    %flag_set/vec4 8;
    %jmp/0xz  T_1.8, 8;
    %load/vec4 v000002982f0cbc80_0;
    %assign/vec4 v000002982f0cbb40_0, 10;
    %pushi/vec4 0, 0, 1;
    %assign/vec4 v000002982f130c90_0, 10;
    %pushi/vec4 0, 0, 1;
    %assign/vec4 v000002982f131730_0, 10;
    %pushi/vec4 1, 0, 1;
    %assign/vec4 v000002982f131050_0, 10;
T_1.8 ;
    %jmp T_1.5;
T_1.5 ;
    %pop/vec4 1;
T_1.1 ;
    %jmp T_1;
    .thread T_1;
    .scope S_000002982f0948e0;
T_2 ;
    %delay 25, 0;
    %load/vec4 v000002982f130bf0_0;
    %inv;
    %store/vec4 v000002982f130bf0_0, 0, 1;
    %jmp T_2;
    .thread T_2;
    .scope S_000002982f0948e0;
T_3 ;
    %vpi_call/w 3 36 "$dumpfile", "mem_fetch_unit_tb.vcd" {0 0 0};
    %vpi_call/w 3 37 "$dumpvars", 32'sb00000000000000000000000000000000, S_000002982f0948e0 {0 0 0};
    %pushi/vec4 0, 0, 1;
    %store/vec4 v000002982f130bf0_0, 0, 1;
    %pushi/vec4 0, 0, 1;
    %store/vec4 v000002982f131230_0, 0, 1;
    %pushi/vec4 0, 0, 1;
    %store/vec4 v000002982f1308d0_0, 0, 1;
    %pushi/vec4 0, 0, 1;
    %store/vec4 v000002982f130970_0, 0, 1;
    %pushi/vec4 0, 0, 128;
    %store/vec4 v000002982f1317d0_0, 0, 128;
    %pushi/vec4 0, 0, 1;
    %store/vec4 v000002982f09b0e0_0, 0, 1;
    %pushi/vec4 0, 0, 1;
    %store/vec4 v000002982f094a70_0, 0, 1;
    %pushi/vec4 0, 0, 1;
    %store/vec4 v000002982f09b180_0, 0, 1;
    %pushi/vec4 0, 0, 128;
    %store/vec4 v000002982ef8d760_0, 0, 128;
    %pushi/vec4 0, 0, 1;
    %store/vec4 v000002982ef8dfb0_0, 0, 1;
    %pushi/vec4 0, 0, 1;
    %store/vec4 v000002982f0a3dd0_0, 0, 1;
    %pushi/vec4 0, 0, 128;
    %store/vec4 v000002982f094fd0_0, 0, 128;
    %pushi/vec4 0, 0, 32; draw_string_vec4
    %pushi/vec4 0, 0, 32; draw_string_vec4
    %concat/vec4; draw_string_vec4
    %pushi/vec4 0, 0, 32; draw_string_vec4
    %concat/vec4; draw_string_vec4
    %pushi/vec4 29285, 0, 32; draw_string_vec4
    %concat/vec4; draw_string_vec4
    %pushi/vec4 1936028704, 0, 32; draw_string_vec4
    %concat/vec4; draw_string_vec4
    %pushi/vec4 1668048225, 0, 32; draw_string_vec4
    %concat/vec4; draw_string_vec4
    %pushi/vec4 1920147571, 0, 32; draw_string_vec4
    %concat/vec4; draw_string_vec4
    %pushi/vec4 1952543845, 0, 32; draw_string_vec4
    %concat/vec4; draw_string_vec4
    %store/vec4 v000002982f09b040_0, 0, 256;
    %fork TD_mem_fetch_unit_tb.check_cycle, S_000002982f09aeb0;
    %join;
    %pushi/vec4 1, 0, 1;
    %store/vec4 v000002982f09b0e0_0, 0, 1;
    %pushi/vec4 0, 0, 1;
    %store/vec4 v000002982f094a70_0, 0, 1;
    %pushi/vec4 0, 0, 1;
    %store/vec4 v000002982f09b180_0, 0, 1;
    %pushi/vec4 2290684177, 0, 35;
    %concati/vec4 2577015330, 0, 32;
    %concati/vec4 2863346483, 0, 32;
    %concati/vec4 393709704, 0, 29;
    %store/vec4 v000002982ef8d760_0, 0, 128;
    %pushi/vec4 0, 0, 1;
    %store/vec4 v000002982ef8dfb0_0, 0, 1;
    %pushi/vec4 0, 0, 1;
    %store/vec4 v000002982f0a3dd0_0, 0, 1;
    %pushi/vec4 0, 0, 128;
    %store/vec4 v000002982f094fd0_0, 0, 128;
    %pushi/vec4 1768189029, 0, 32; draw_string_vec4
    %pushi/vec4 543778670, 0, 32; draw_string_vec4
    %concat/vec4; draw_string_vec4
    %pushi/vec4 1869768051, 0, 32; draw_string_vec4
    %concat/vec4; draw_string_vec4
    %pushi/vec4 544629100, 0, 32; draw_string_vec4
    %concat/vec4; draw_string_vec4
    %pushi/vec4 1768169591, 0, 32; draw_string_vec4
    %concat/vec4; draw_string_vec4
    %pushi/vec4 1769236591, 0, 32; draw_string_vec4
    %concat/vec4; draw_string_vec4
    %pushi/vec4 1970544742, 0, 32; draw_string_vec4
    %concat/vec4; draw_string_vec4
    %pushi/vec4 1702126440, 0, 32; draw_string_vec4
    %concat/vec4; draw_string_vec4
    %store/vec4 v000002982f09b040_0, 0, 256;
    %fork TD_mem_fetch_unit_tb.check_cycle, S_000002982f09aeb0;
    %join;
    %pushi/vec4 1, 0, 1;
    %store/vec4 v000002982f09b0e0_0, 0, 1;
    %pushi/vec4 1, 0, 1;
    %store/vec4 v000002982f094a70_0, 0, 1;
    %pushi/vec4 0, 0, 1;
    %store/vec4 v000002982f09b180_0, 0, 1;
    %pushi/vec4 2290684177, 0, 35;
    %concati/vec4 2577015330, 0, 32;
    %concati/vec4 2863346483, 0, 32;
    %concati/vec4 393709704, 0, 29;
    %store/vec4 v000002982ef8d760_0, 0, 128;
    %pushi/vec4 1, 0, 1;
    %store/vec4 v000002982ef8dfb0_0, 0, 1;
    %pushi/vec4 0, 0, 1;
    %store/vec4 v000002982f0a3dd0_0, 0, 1;
    %pushi/vec4 0, 0, 128;
    %store/vec4 v000002982f094fd0_0, 0, 128;
    %pushi/vec4 0, 0, 32; draw_string_vec4
    %pushi/vec4 6710644, 0, 32; draw_string_vec4
    %concat/vec4; draw_string_vec4
    %pushi/vec4 1667768429, 0, 32; draw_string_vec4
    %concat/vec4; draw_string_vec4
    %pushi/vec4 1870030195, 0, 32; draw_string_vec4
    %concat/vec4; draw_string_vec4
    %pushi/vec4 544566889, 0, 32; draw_string_vec4
    %concat/vec4; draw_string_vec4
    %pushi/vec4 1948284015, 0, 32; draw_string_vec4
    %concat/vec4; draw_string_vec4
    %pushi/vec4 544236910, 0, 32; draw_string_vec4
    %concat/vec4; draw_string_vec4
    %pushi/vec4 1684631143, 0, 32; draw_string_vec4
    %concat/vec4; draw_string_vec4
    %store/vec4 v000002982f09b040_0, 0, 256;
    %fork TD_mem_fetch_unit_tb.check_cycle, S_000002982f09aeb0;
    %join;
    %pushi/vec4 1, 0, 1;
    %store/vec4 v000002982f09b0e0_0, 0, 1;
    %pushi/vec4 0, 0, 1;
    %store/vec4 v000002982f094a70_0, 0, 1;
    %pushi/vec4 0, 0, 1;
    %store/vec4 v000002982f09b180_0, 0, 1;
    %pushi/vec4 2576984746, 0, 32;
    %concati/vec4 3149647052, 0, 32;
    %concati/vec4 3722309358, 0, 32;
    %concati/vec4 4294901760, 0, 32;
    %store/vec4 v000002982ef8d760_0, 0, 128;
    %pushi/vec4 1, 0, 1;
    %store/vec4 v000002982ef8dfb0_0, 0, 1;
    %pushi/vec4 0, 0, 1;
    %store/vec4 v000002982f0a3dd0_0, 0, 1;
    %pushi/vec4 0, 0, 128;
    %store/vec4 v000002982f094fd0_0, 0, 128;
    %pushi/vec4 3538478656, 0, 33;
    %concati/vec4 3437159488, 0, 32;
    %concati/vec4 3972192466, 0, 32;
    %concati/vec4 3359687388, 0, 32;
    %concati/vec4 3359690974, 0, 32;
    %concati/vec4 3637044800, 0, 32;
    %concati/vec4 3435840232, 0, 32;
    %concati/vec4 1970431347, 0, 31;
    %store/vec4 v000002982f09b040_0, 0, 256;
    %fork TD_mem_fetch_unit_tb.check_cycle, S_000002982f09aeb0;
    %join;
    %pushi/vec4 1, 0, 1;
    %store/vec4 v000002982f09b0e0_0, 0, 1;
    %pushi/vec4 0, 0, 1;
    %store/vec4 v000002982f094a70_0, 0, 1;
    %pushi/vec4 1, 0, 1;
    %store/vec4 v000002982f09b180_0, 0, 1;
    %pushi/vec4 2443359172, 0, 39;
    %concati/vec4 3588683775, 0, 32;
    %concati/vec4 3703216246, 0, 33;
    %concati/vec4 5517840, 0, 24;
    %store/vec4 v000002982ef8d760_0, 0, 128;
    %pushi/vec4 0, 0, 1;
    %store/vec4 v000002982ef8dfb0_0, 0, 1;
    %pushi/vec4 1, 0, 1;
    %store/vec4 v000002982f0a3dd0_0, 0, 1;
    %pushi/vec4 2443359172, 0, 39;
    %concati/vec4 3588683775, 0, 32;
    %concati/vec4 3703216246, 0, 33;
    %concati/vec4 5517840, 0, 24;
    %store/vec4 v000002982f094fd0_0, 0, 128;
    %pushi/vec4 2174326149, 0, 34;
    %concati/vec4 3520448916, 0, 32;
    %concati/vec4 2178520461, 0, 32;
    %concati/vec4 3518875777, 0, 32;
    %concati/vec4 2243530881, 0, 32;
    %concati/vec4 3382038997, 0, 32;
    %concati/vec4 3384396929, 0, 32;
    %concati/vec4 694447205, 0, 30;
    %store/vec4 v000002982f09b040_0, 0, 256;
    %fork TD_mem_fetch_unit_tb.check_cycle, S_000002982f09aeb0;
    %join;
    %pushi/vec4 1, 0, 1;
    %store/vec4 v000002982f09b0e0_0, 0, 1;
    %pushi/vec4 0, 0, 1;
    %store/vec4 v000002982f094a70_0, 0, 1;
    %pushi/vec4 1, 0, 1;
    %store/vec4 v000002982f09b180_0, 0, 1;
    %pushi/vec4 2863311530, 0, 32;
    %concati/vec4 2863311530, 0, 32;
    %concati/vec4 2863311530, 0, 32;
    %concati/vec4 2863311530, 0, 32;
    %store/vec4 v000002982ef8d760_0, 0, 128;
    %pushi/vec4 0, 0, 1;
    %store/vec4 v000002982ef8dfb0_0, 0, 1;
    %pushi/vec4 0, 0, 1;
    %store/vec4 v000002982f0a3dd0_0, 0, 1;
    %pushi/vec4 2443359172, 0, 39;
    %concati/vec4 3588683775, 0, 32;
    %concati/vec4 3703216246, 0, 33;
    %concati/vec4 5517840, 0, 24;
    %store/vec4 v000002982f094fd0_0, 0, 128;
    %pushi/vec4 2176960917, 0, 34;
    %concati/vec4 3651517909, 0, 32;
    %concati/vec4 3431045525, 0, 32;
    %concati/vec4 2245121481, 0, 32;
    %concati/vec4 2513207773, 0, 32;
    %concati/vec4 2781979069, 0, 32;
    %concati/vec4 3587211673, 0, 32;
    %concati/vec4 628384616, 0, 30;
    %store/vec4 v000002982f09b040_0, 0, 256;
    %fork TD_mem_fetch_unit_tb.check_cycle, S_000002982f09aeb0;
    %join;
    %pushi/vec4 1, 0, 1;
    %store/vec4 v000002982f09b0e0_0, 0, 1;
    %pushi/vec4 1, 0, 1;
    %store/vec4 v000002982f094a70_0, 0, 1;
    %pushi/vec4 0, 0, 1;
    %store/vec4 v000002982f09b180_0, 0, 1;
    %pushi/vec4 2596069113, 0, 35;
    %concati/vec4 2367003650, 0, 34;
    %concati/vec4 3588683721, 0, 33;
    %concati/vec4 6860000, 0, 26;
    %store/vec4 v000002982ef8d760_0, 0, 128;
    %pushi/vec4 1, 0, 1;
    %store/vec4 v000002982ef8dfb0_0, 0, 1;
    %pushi/vec4 0, 0, 1;
    %store/vec4 v000002982f0a3dd0_0, 0, 1;
    %pushi/vec4 2443359172, 0, 39;
    %concati/vec4 3588683775, 0, 32;
    %concati/vec4 3703216246, 0, 33;
    %concati/vec4 5517840, 0, 24;
    %store/vec4 v000002982f094fd0_0, 0, 128;
    %pushi/vec4 3493914344, 0, 33;
    %concati/vec4 3269781734, 0, 32;
    %concati/vec4 2176423388, 0, 33;
    %concati/vec4 2176947641, 0, 32;
    %concati/vec4 2443557276, 0, 32;
    %concati/vec4 2178009477, 0, 32;
    %concati/vec4 3117254029, 0, 32;
    %concati/vec4 879325038, 0, 30;
    %store/vec4 v000002982f09b040_0, 0, 256;
    %fork TD_mem_fetch_unit_tb.check_cycle, S_000002982f09aeb0;
    %join;
    %pushi/vec4 1, 0, 1;
    %store/vec4 v000002982f09b0e0_0, 0, 1;
    %pushi/vec4 0, 0, 1;
    %store/vec4 v000002982f094a70_0, 0, 1;
    %pushi/vec4 1, 0, 1;
    %store/vec4 v000002982f09b180_0, 0, 1;
    %pushi/vec4 2596069113, 0, 35;
    %concati/vec4 2367003650, 0, 34;
    %concati/vec4 3588683721, 0, 33;
    %concati/vec4 6860000, 0, 26;
    %store/vec4 v000002982ef8d760_0, 0, 128;
    %pushi/vec4 0, 0, 1;
    %store/vec4 v000002982ef8dfb0_0, 0, 1;
    %pushi/vec4 1, 0, 1;
    %store/vec4 v000002982f0a3dd0_0, 0, 1;
    %pushi/vec4 2596069113, 0, 35;
    %concati/vec4 2367003650, 0, 34;
    %concati/vec4 3588683721, 0, 33;
    %concati/vec4 6860000, 0, 26;
    %store/vec4 v000002982f094fd0_0, 0, 128;
    %pushi/vec4 3359697632, 0, 33;
    %concati/vec4 3368216778, 0, 32;
    %concati/vec4 3863006410, 0, 32;
    %concati/vec4 3270044388, 0, 32;
    %concati/vec4 3404087518, 0, 32;
    %concati/vec4 3695238346, 0, 32;
    %concati/vec4 4041752780, 0, 32;
    %concati/vec4 1702126440, 0, 31;
    %store/vec4 v000002982f09b040_0, 0, 256;
    %fork TD_mem_fetch_unit_tb.check_cycle, S_000002982f09aeb0;
    %join;
    %vpi_call/w 3 69 "$display", "MEM_FETCH_UNIT TB PASSED" {0 0 0};
    %vpi_call/w 3 70 "$finish" {0 0 0};
    %end;
    .thread T_3;
# The file index is used to find the file name in the following table.
:file_names 5;
    "N/A";
    "<interactive>";
    "-";
    "E:\Git-Repos\ANIDS-VLSI-PROJECT\ANIDS\tb\mem_fetch_unit_tb.v";
    "E:\Git-Repos\ANIDS-VLSI-PROJECT\ANIDS\src\mem_fetch_unit.v";
