#! /c/Source/iverilog-install/bin/vvp
:ivl_version "12.0 (devel)" "(s20150603-1539-g2693dd32b)";
:ivl_delay_selection "TYPICAL";
:vpi_time_precision - 10;
:vpi_module "C:\iverilog\lib\ivl\system.vpi";
:vpi_module "C:\iverilog\lib\ivl\vhdl_sys.vpi";
:vpi_module "C:\iverilog\lib\ivl\vhdl_textio.vpi";
:vpi_module "C:\iverilog\lib\ivl\v2005_math.vpi";
:vpi_module "C:\iverilog\lib\ivl\va_math.vpi";
:vpi_module "C:\iverilog\lib\ivl\v2009.vpi";
S_0000014e9c5a5730 .scope package, "$unit" "$unit" 2 1;
 .timescale 0 0;
S_0000014e9c5a5c00 .scope module, "outlier_detector_tb" "outlier_detector_tb" 3 5;
 .timescale -9 -10;
P_0000014e9c5a8920 .param/l "DATA_WIDTH" 1 3 7, +C4<00000000000000000000000000001000>;
v0000014e9c62ae80_0 .var "clk", 0 0;
v0000014e9c62aac0_0 .var "data_in", 7 0;
v0000014e9c62a5c0_0 .net "outlier_pulse", 0 0, v0000014e9c5c9c00_0;  1 drivers
v0000014e9c62a3e0_0 .net "output_ready", 0 0, v0000014e9c5c9ca0_0;  1 drivers
v0000014e9c62a840_0 .var "ready", 0 0;
v0000014e9c62ade0_0 .var "resetN", 0 0;
v0000014e9c62a8e0_0 .var "threshold", 7 0;
S_0000014e9c5a5d90 .scope task, "check_cycle" "check_cycle" 3 57, 3 57 0, S_0000014e9c5a5c00;
 .timescale -9 -10;
v0000014e9c5adca0_0 .var "expected_outlier", 0 0;
v0000014e9c5a5f20_0 .var "expected_output_ready", 0 0;
v0000014e9c5cbac0_0 .var "test_data_in", 7 0;
v0000014e9c5cbb60_0 .var "test_name", 255 0;
v0000014e9c5cbc00_0 .var "test_ready", 0 0;
v0000014e9c5cbca0_0 .var "test_resetN", 0 0;
v0000014e9c5cbd40_0 .var "test_threshold", 7 0;
E_0000014e9c5a8fa0 .event posedge, v0000014e9c5cbde0_0;
TD_outlier_detector_tb.check_cycle ;
    %load/vec4 v0000014e9c5cbca0_0;
    %assign/vec4 v0000014e9c62ade0_0, 0;
    %load/vec4 v0000014e9c5cbc00_0;
    %assign/vec4 v0000014e9c62a840_0, 0;
    %load/vec4 v0000014e9c5cbac0_0;
    %assign/vec4 v0000014e9c62aac0_0, 0;
    %load/vec4 v0000014e9c5cbd40_0;
    %assign/vec4 v0000014e9c62a8e0_0, 0;
    %wait E_0000014e9c5a8fa0;
    %delay 20, 0;
    %load/vec4 v0000014e9c62a5c0_0;
    %load/vec4 v0000014e9c5adca0_0;
    %cmp/ne;
    %jmp/1 T_0.2, 6;
    %flag_mov 8, 6;
    %load/vec4 v0000014e9c62a3e0_0;
    %load/vec4 v0000014e9c5a5f20_0;
    %cmp/ne;
    %flag_or 6, 8;
T_0.2;
    %jmp/0xz  T_0.0, 6;
    %vpi_call/w 3 76 "$error", "FAIL: %0s | resetN=%0b ready=%0b data_in=%0d threshold=%0d outlier=%0b expected_outlier=%0b output_ready=%0b expected_output_ready=%0b", v0000014e9c5cbb60_0, v0000014e9c5cbca0_0, v0000014e9c5cbc00_0, v0000014e9c5cbac0_0, v0000014e9c5cbd40_0, v0000014e9c62a5c0_0, v0000014e9c5adca0_0, v0000014e9c62a3e0_0, v0000014e9c5a5f20_0 {0 0 0};
    %vpi_call/w 3 79 "$finish" {0 0 0};
    %jmp T_0.1;
T_0.0 ;
    %vpi_call/w 3 82 "$display", "PASS: %0s", v0000014e9c5cbb60_0 {0 0 0};
T_0.1 ;
    %end;
S_0000014e9c5c9a70 .scope module, "dut" "outlier_detector" 3 21, 4 4 0, S_0000014e9c5a5c00;
 .timescale -9 -10;
    .port_info 0 /INPUT 1 "clk";
    .port_info 1 /INPUT 1 "resetN";
    .port_info 2 /INPUT 1 "ready";
    .port_info 3 /INPUT 8 "data_in";
    .port_info 4 /INPUT 8 "threshold";
    .port_info 5 /OUTPUT 1 "outlier_pulse";
    .port_info 6 /OUTPUT 1 "output_ready";
P_0000014e9c5d9070 .param/l "DATA_WIDTH" 0 4 14, +C4<00000000000000000000000000001000>;
P_0000014e9c5d90a8 .param/l "THRESH_WIDTH" 0 4 15, +C4<00000000000000000000000000001000>;
v0000014e9c5cbde0_0 .net "clk", 0 0, v0000014e9c62ae80_0;  1 drivers
v0000014e9c5cbe80_0 .net/s "data_in", 7 0, v0000014e9c62aac0_0;  1 drivers
v0000014e9c5c9c00_0 .var "outlier_pulse", 0 0;
v0000014e9c5c9ca0_0 .var "output_ready", 0 0;
v0000014e9c5c9d40_0 .net "ready", 0 0, v0000014e9c62a840_0;  1 drivers
v0000014e9c62a480_0 .net "resetN", 0 0, v0000014e9c62ade0_0;  1 drivers
v0000014e9c62ad40_0 .net/s "threshold", 7 0, v0000014e9c62a8e0_0;  1 drivers
E_0000014e9c5a84e0/0 .event negedge, v0000014e9c62a480_0;
E_0000014e9c5a84e0/1 .event posedge, v0000014e9c5cbde0_0;
E_0000014e9c5a84e0 .event/or E_0000014e9c5a84e0/0, E_0000014e9c5a84e0/1;
    .scope S_0000014e9c5c9a70;
T_1 ;
    %wait E_0000014e9c5a84e0;
    %load/vec4 v0000014e9c62a480_0;
    %nor/r;
    %flag_set/vec4 8;
    %jmp/0xz  T_1.0, 8;
    %pushi/vec4 0, 0, 1;
    %assign/vec4 v0000014e9c5c9c00_0, 10;
    %pushi/vec4 0, 0, 1;
    %assign/vec4 v0000014e9c5c9ca0_0, 10;
    %jmp T_1.1;
T_1.0 ;
    %load/vec4 v0000014e9c5c9d40_0;
    %flag_set/vec4 8;
    %jmp/0xz  T_1.2, 8;
    %load/vec4 v0000014e9c62ad40_0;
    %load/vec4 v0000014e9c5cbe80_0;
    %cmp/s;
    %flag_get/vec4 5;
    %assign/vec4 v0000014e9c5c9c00_0, 10;
    %pushi/vec4 1, 0, 1;
    %assign/vec4 v0000014e9c5c9ca0_0, 10;
    %jmp T_1.3;
T_1.2 ;
    %pushi/vec4 0, 0, 1;
    %assign/vec4 v0000014e9c5c9c00_0, 10;
    %pushi/vec4 0, 0, 1;
    %assign/vec4 v0000014e9c5c9ca0_0, 10;
T_1.3 ;
T_1.1 ;
    %jmp T_1;
    .thread T_1;
    .scope S_0000014e9c5a5c00;
T_2 ;
    %delay 25, 0;
    %load/vec4 v0000014e9c62ae80_0;
    %inv;
    %store/vec4 v0000014e9c62ae80_0, 0, 1;
    %jmp T_2;
    .thread T_2;
    .scope S_0000014e9c5a5c00;
T_3 ;
    %vpi_call/w 3 32 "$dumpfile", "outlier_detector_tb.vcd" {0 0 0};
    %vpi_call/w 3 33 "$dumpvars", 32'sb00000000000000000000000000000000, S_0000014e9c5a5c00 {0 0 0};
    %pushi/vec4 0, 0, 1;
    %store/vec4 v0000014e9c62ae80_0, 0, 1;
    %pushi/vec4 0, 0, 1;
    %store/vec4 v0000014e9c62ade0_0, 0, 1;
    %pushi/vec4 0, 0, 1;
    %store/vec4 v0000014e9c62a840_0, 0, 1;
    %pushi/vec4 0, 0, 8;
    %store/vec4 v0000014e9c62aac0_0, 0, 8;
    %pushi/vec4 0, 0, 8;
    %store/vec4 v0000014e9c62a8e0_0, 0, 8;
    %pushi/vec4 0, 0, 1;
    %store/vec4 v0000014e9c5cbca0_0, 0, 1;
    %pushi/vec4 0, 0, 1;
    %store/vec4 v0000014e9c5cbc00_0, 0, 1;
    %pushi/vec4 25, 0, 8;
    %store/vec4 v0000014e9c5cbac0_0, 0, 8;
    %pushi/vec4 10, 0, 8;
    %store/vec4 v0000014e9c5cbd40_0, 0, 8;
    %pushi/vec4 0, 0, 1;
    %store/vec4 v0000014e9c5adca0_0, 0, 1;
    %pushi/vec4 0, 0, 1;
    %store/vec4 v0000014e9c5a5f20_0, 0, 1;
    %pushi/vec4 0, 0, 32; draw_string_vec4
    %pushi/vec4 0, 0, 32; draw_string_vec4
    %concat/vec4; draw_string_vec4
    %pushi/vec4 0, 0, 32; draw_string_vec4
    %concat/vec4; draw_string_vec4
    %pushi/vec4 1919251301, 0, 32; draw_string_vec4
    %concat/vec4; draw_string_vec4
    %pushi/vec4 1948279660, 0, 32; draw_string_vec4
    %concat/vec4; draw_string_vec4
    %pushi/vec4 1700885107, 0, 32; draw_string_vec4
    %concat/vec4; draw_string_vec4
    %pushi/vec4 544175476, 0, 32; draw_string_vec4
    %concat/vec4; draw_string_vec4
    %pushi/vec4 1886745715, 0, 32; draw_string_vec4
    %concat/vec4; draw_string_vec4
    %store/vec4 v0000014e9c5cbb60_0, 0, 256;
    %fork TD_outlier_detector_tb.check_cycle, S_0000014e9c5a5d90;
    %join;
    %pushi/vec4 1, 0, 1;
    %store/vec4 v0000014e9c5cbca0_0, 0, 1;
    %pushi/vec4 0, 0, 1;
    %store/vec4 v0000014e9c5cbc00_0, 0, 1;
    %pushi/vec4 25, 0, 8;
    %store/vec4 v0000014e9c5cbac0_0, 0, 8;
    %pushi/vec4 10, 0, 8;
    %store/vec4 v0000014e9c5cbd40_0, 0, 8;
    %pushi/vec4 0, 0, 1;
    %store/vec4 v0000014e9c5adca0_0, 0, 1;
    %pushi/vec4 0, 0, 1;
    %store/vec4 v0000014e9c5a5f20_0, 0, 1;
    %pushi/vec4 0, 0, 32; draw_string_vec4
    %pushi/vec4 7497057, 0, 32; draw_string_vec4
    %concat/vec4; draw_string_vec4
    %pushi/vec4 1685659756, 0, 32; draw_string_vec4
    %concat/vec4; draw_string_vec4
    %pushi/vec4 1870078050, 0, 32; draw_string_vec4
    %concat/vec4; draw_string_vec4
    %pushi/vec4 1819239275, 0, 32; draw_string_vec4
    %concat/vec4; draw_string_vec4
    %pushi/vec4 1931502966, 0, 32; draw_string_vec4
    %concat/vec4; draw_string_vec4
    %pushi/vec4 1634497889, 0, 32; draw_string_vec4
    %concat/vec4; draw_string_vec4
    %pushi/vec4 1953066862, 0, 32; draw_string_vec4
    %concat/vec4; draw_string_vec4
    %store/vec4 v0000014e9c5cbb60_0, 0, 256;
    %fork TD_outlier_detector_tb.check_cycle, S_0000014e9c5a5d90;
    %join;
    %pushi/vec4 1, 0, 1;
    %store/vec4 v0000014e9c5cbca0_0, 0, 1;
    %pushi/vec4 1, 0, 1;
    %store/vec4 v0000014e9c5cbc00_0, 0, 1;
    %pushi/vec4 9, 0, 8;
    %store/vec4 v0000014e9c5cbac0_0, 0, 8;
    %pushi/vec4 10, 0, 8;
    %store/vec4 v0000014e9c5cbd40_0, 0, 8;
    %pushi/vec4 0, 0, 1;
    %store/vec4 v0000014e9c5adca0_0, 0, 1;
    %pushi/vec4 1, 0, 1;
    %store/vec4 v0000014e9c5a5f20_0, 0, 1;
    %pushi/vec4 25189, 0, 32; draw_string_vec4
    %pushi/vec4 1819244320, 0, 32; draw_string_vec4
    %concat/vec4; draw_string_vec4
    %pushi/vec4 1953002085, 0, 32; draw_string_vec4
    %concat/vec4; draw_string_vec4
    %pushi/vec4 1936224108, 0, 32; draw_string_vec4
    %concat/vec4; draw_string_vec4
    %pushi/vec4 1679845747, 0, 32; draw_string_vec4
    %concat/vec4; draw_string_vec4
    %pushi/vec4 544108404, 0, 32; draw_string_vec4
    %concat/vec4; draw_string_vec4
    %pushi/vec4 544175476, 0, 32; draw_string_vec4
    %concat/vec4; draw_string_vec4
    %pushi/vec4 1818846578, 0, 32; draw_string_vec4
    %concat/vec4; draw_string_vec4
    %store/vec4 v0000014e9c5cbb60_0, 0, 256;
    %fork TD_outlier_detector_tb.check_cycle, S_0000014e9c5a5d90;
    %join;
    %pushi/vec4 1, 0, 1;
    %store/vec4 v0000014e9c5cbca0_0, 0, 1;
    %pushi/vec4 1, 0, 1;
    %store/vec4 v0000014e9c5cbc00_0, 0, 1;
    %pushi/vec4 10, 0, 8;
    %store/vec4 v0000014e9c5cbac0_0, 0, 8;
    %pushi/vec4 10, 0, 8;
    %store/vec4 v0000014e9c5cbd40_0, 0, 8;
    %pushi/vec4 0, 0, 1;
    %store/vec4 v0000014e9c5adca0_0, 0, 1;
    %pushi/vec4 1, 0, 1;
    %store/vec4 v0000014e9c5a5f20_0, 0, 1;
    %pushi/vec4 25969, 0, 32; draw_string_vec4
    %pushi/vec4 1969318944, 0, 32; draw_string_vec4
    %concat/vec4; draw_string_vec4
    %pushi/vec4 1953002085, 0, 32; draw_string_vec4
    %concat/vec4; draw_string_vec4
    %pushi/vec4 1936224108, 0, 32; draw_string_vec4
    %concat/vec4; draw_string_vec4
    %pushi/vec4 1679845747, 0, 32; draw_string_vec4
    %concat/vec4; draw_string_vec4
    %pushi/vec4 544108404, 0, 32; draw_string_vec4
    %concat/vec4; draw_string_vec4
    %pushi/vec4 544175476, 0, 32; draw_string_vec4
    %concat/vec4; draw_string_vec4
    %pushi/vec4 1818846578, 0, 32; draw_string_vec4
    %concat/vec4; draw_string_vec4
    %store/vec4 v0000014e9c5cbb60_0, 0, 256;
    %fork TD_outlier_detector_tb.check_cycle, S_0000014e9c5a5d90;
    %join;
    %pushi/vec4 1, 0, 1;
    %store/vec4 v0000014e9c5cbca0_0, 0, 1;
    %pushi/vec4 1, 0, 1;
    %store/vec4 v0000014e9c5cbc00_0, 0, 1;
    %pushi/vec4 11, 0, 8;
    %store/vec4 v0000014e9c5cbac0_0, 0, 8;
    %pushi/vec4 10, 0, 8;
    %store/vec4 v0000014e9c5cbd40_0, 0, 8;
    %pushi/vec4 1, 0, 1;
    %store/vec4 v0000014e9c5adca0_0, 0, 1;
    %pushi/vec4 1, 0, 1;
    %store/vec4 v0000014e9c5a5f20_0, 0, 1;
    %pushi/vec4 0, 0, 32; draw_string_vec4
    %pushi/vec4 24930, 0, 32; draw_string_vec4
    %concat/vec4; draw_string_vec4
    %pushi/vec4 1870030112, 0, 32; draw_string_vec4
    %concat/vec4; draw_string_vec4
    %pushi/vec4 1953002085, 0, 32; draw_string_vec4
    %concat/vec4; draw_string_vec4
    %pushi/vec4 1936224108, 0, 32; draw_string_vec4
    %concat/vec4; draw_string_vec4
    %pushi/vec4 1679845747, 0, 32; draw_string_vec4
    %concat/vec4; draw_string_vec4
    %pushi/vec4 544175476, 0, 32; draw_string_vec4
    %concat/vec4; draw_string_vec4
    %pushi/vec4 1818846578, 0, 32; draw_string_vec4
    %concat/vec4; draw_string_vec4
    %store/vec4 v0000014e9c5cbb60_0, 0, 256;
    %fork TD_outlier_detector_tb.check_cycle, S_0000014e9c5a5d90;
    %join;
    %pushi/vec4 1, 0, 1;
    %store/vec4 v0000014e9c5cbca0_0, 0, 1;
    %pushi/vec4 0, 0, 1;
    %store/vec4 v0000014e9c5cbc00_0, 0, 1;
    %pushi/vec4 11, 0, 8;
    %store/vec4 v0000014e9c5cbac0_0, 0, 8;
    %pushi/vec4 10, 0, 8;
    %store/vec4 v0000014e9c5cbd40_0, 0, 8;
    %pushi/vec4 0, 0, 1;
    %store/vec4 v0000014e9c5adca0_0, 0, 1;
    %pushi/vec4 0, 0, 1;
    %store/vec4 v0000014e9c5a5f20_0, 0, 1;
    %pushi/vec4 1886743667, 0, 32; draw_string_vec4
    %pushi/vec4 1702043748, 0, 32; draw_string_vec4
    %concat/vec4; draw_string_vec4
    %pushi/vec4 1919905824, 0, 32; draw_string_vec4
    %concat/vec4; draw_string_vec4
    %pushi/vec4 1634104421, 0, 32; draw_string_vec4
    %concat/vec4; draw_string_vec4
    %pushi/vec4 1914729061, 0, 32; draw_string_vec4
    %concat/vec4; draw_string_vec4
    %pushi/vec4 1633974560, 0, 32; draw_string_vec4
    %concat/vec4; draw_string_vec4
    %pushi/vec4 1735353715, 0, 32; draw_string_vec4
    %concat/vec4; draw_string_vec4
    %pushi/vec4 543977335, 0, 32; draw_string_vec4
    %concat/vec4; draw_string_vec4
    %store/vec4 v0000014e9c5cbb60_0, 0, 256;
    %fork TD_outlier_detector_tb.check_cycle, S_0000014e9c5a5d90;
    %join;
    %pushi/vec4 1, 0, 1;
    %store/vec4 v0000014e9c5cbca0_0, 0, 1;
    %pushi/vec4 1, 0, 1;
    %store/vec4 v0000014e9c5cbc00_0, 0, 1;
    %pushi/vec4 100, 0, 8;
    %store/vec4 v0000014e9c5cbac0_0, 0, 8;
    %pushi/vec4 50, 0, 8;
    %store/vec4 v0000014e9c5cbd40_0, 0, 8;
    %pushi/vec4 1, 0, 1;
    %store/vec4 v0000014e9c5adca0_0, 0, 1;
    %pushi/vec4 1, 0, 1;
    %store/vec4 v0000014e9c5a5f20_0, 0, 1;
    %pushi/vec4 3469403200, 0, 33;
    %concati/vec4 3267682028, 0, 32;
    %concati/vec4 3394955472, 0, 32;
    %concati/vec4 3838502608, 0, 32;
    %concati/vec4 3738748992, 0, 32;
    %concati/vec4 3972192490, 0, 32;
    %concati/vec4 3393249514, 0, 32;
    %concati/vec4 1819501939, 0, 31;
    %store/vec4 v0000014e9c5cbb60_0, 0, 256;
    %fork TD_outlier_detector_tb.check_cycle, S_0000014e9c5a5d90;
    %join;
    %pushi/vec4 1, 0, 1;
    %store/vec4 v0000014e9c5cbca0_0, 0, 1;
    %pushi/vec4 1, 0, 1;
    %store/vec4 v0000014e9c5cbc00_0, 0, 1;
    %pushi/vec4 251, 0, 8;
    %store/vec4 v0000014e9c5cbac0_0, 0, 8;
    %pushi/vec4 246, 0, 8;
    %store/vec4 v0000014e9c5cbd40_0, 0, 8;
    %pushi/vec4 1, 0, 1;
    %store/vec4 v0000014e9c5adca0_0, 0, 1;
    %pushi/vec4 1, 0, 1;
    %store/vec4 v0000014e9c5a5f20_0, 0, 1;
    %pushi/vec4 1936287598, 0, 32; draw_string_vec4
    %pushi/vec4 1701060718, 0, 32; draw_string_vec4
    %concat/vec4; draw_string_vec4
    %pushi/vec4 1701273972, 0, 32; draw_string_vec4
    %concat/vec4; draw_string_vec4
    %pushi/vec4 1769366816, 0, 32; draw_string_vec4
    %concat/vec4; draw_string_vec4
    %pushi/vec4 1668246896, 0, 32; draw_string_vec4
    %concat/vec4; draw_string_vec4
    %pushi/vec4 1634888051, 0, 32; draw_string_vec4
    %concat/vec4; draw_string_vec4
    %pushi/vec4 1869488247, 0, 32; draw_string_vec4
    %concat/vec4; draw_string_vec4
    %pushi/vec4 1869769587, 0, 32; draw_string_vec4
    %concat/vec4; draw_string_vec4
    %store/vec4 v0000014e9c5cbb60_0, 0, 256;
    %fork TD_outlier_detector_tb.check_cycle, S_0000014e9c5a5d90;
    %join;
    %pushi/vec4 1, 0, 1;
    %store/vec4 v0000014e9c5cbca0_0, 0, 1;
    %pushi/vec4 1, 0, 1;
    %store/vec4 v0000014e9c5cbc00_0, 0, 1;
    %pushi/vec4 244, 0, 8;
    %store/vec4 v0000014e9c5cbac0_0, 0, 8;
    %pushi/vec4 246, 0, 8;
    %store/vec4 v0000014e9c5cbd40_0, 0, 8;
    %pushi/vec4 0, 0, 1;
    %store/vec4 v0000014e9c5adca0_0, 0, 1;
    %pushi/vec4 1, 0, 1;
    %store/vec4 v0000014e9c5a5f20_0, 0, 1;
    %pushi/vec4 3838460124, 0, 33;
    %concati/vec4 3402547944, 0, 32;
    %concati/vec4 3538733632, 0, 32;
    %concati/vec4 3972192490, 0, 32;
    %concati/vec4 3393245926, 0, 32;
    %concati/vec4 2176433616, 0, 33;
    %concati/vec4 2176701905, 0, 32;
    %concati/vec4 745104754, 0, 30;
    %store/vec4 v0000014e9c5cbb60_0, 0, 256;
    %fork TD_outlier_detector_tb.check_cycle, S_0000014e9c5a5d90;
    %join;
    %pushi/vec4 1, 0, 1;
    %store/vec4 v0000014e9c5cbca0_0, 0, 1;
    %pushi/vec4 0, 0, 1;
    %store/vec4 v0000014e9c5cbc00_0, 0, 1;
    %pushi/vec4 100, 0, 8;
    %store/vec4 v0000014e9c5cbac0_0, 0, 8;
    %pushi/vec4 50, 0, 8;
    %store/vec4 v0000014e9c5cbd40_0, 0, 8;
    %pushi/vec4 0, 0, 1;
    %store/vec4 v0000014e9c5adca0_0, 0, 1;
    %pushi/vec4 0, 0, 1;
    %store/vec4 v0000014e9c5a5f20_0, 0, 1;
    %pushi/vec4 0, 0, 32; draw_string_vec4
    %pushi/vec4 7563630, 0, 32; draw_string_vec4
    %concat/vec4; draw_string_vec4
    %pushi/vec4 1735157037, 0, 32; draw_string_vec4
    %concat/vec4; draw_string_vec4
    %pushi/vec4 1668899692, 0, 32; draw_string_vec4
    %concat/vec4; draw_string_vec4
    %pushi/vec4 1696624757, 0, 32; draw_string_vec4
    %concat/vec4; draw_string_vec4
    %pushi/vec4 1819501856, 0, 32; draw_string_vec4
    %concat/vec4; draw_string_vec4
    %pushi/vec4 1650813025, 0, 32; draw_string_vec4
    %concat/vec4; draw_string_vec4
    %pushi/vec4 1986621298, 0, 32; draw_string_vec4
    %concat/vec4; draw_string_vec4
    %store/vec4 v0000014e9c5cbb60_0, 0, 256;
    %fork TD_outlier_detector_tb.check_cycle, S_0000014e9c5a5d90;
    %join;
    %vpi_call/w 3 53 "$display", "OUTLIER_DETECTOR TB PASSED" {0 0 0};
    %vpi_call/w 3 54 "$finish" {0 0 0};
    %end;
    .thread T_3;
# The file index is used to find the file name in the following table.
:file_names 5;
    "N/A";
    "<interactive>";
    "-";
    "E:\Git-Repos\ANIDS-VLSI-PROJECT\ANIDS\tb\outlier_detector_tb.v";
    "E:\Git-Repos\ANIDS-VLSI-PROJECT\ANIDS\src\outlier_detector.v";
