#! /c/Source/iverilog-install/bin/vvp
:ivl_version "12.0 (devel)" "(s20150603-1539-g2693dd32b)";
:ivl_delay_selection "TYPICAL";
:vpi_time_precision - 10;
:vpi_module "C:\iverilog\lib\ivl\system.vpi";
:vpi_module "C:\iverilog\lib\ivl\vhdl_sys.vpi";
:vpi_module "C:\iverilog\lib\ivl\vhdl_textio.vpi";
:vpi_module "C:\iverilog\lib\ivl\v2005_math.vpi";
:vpi_module "C:\iverilog\lib\ivl\va_math.vpi";
:vpi_module "C:\iverilog\lib\ivl\v2009.vpi";
S_000001cdd2528e10 .scope package, "$unit" "$unit" 2 1;
 .timescale 0 0;
S_000001cdd252c900 .scope module, "lut_rw_tb" "lut_rw_tb" 3 5;
 .timescale -9 -10;
P_000001cdd252e6a0 .param/l "ADDR_WIDTH" 1 3 8, +C4<00000000000000000000000000000111>;
P_000001cdd252e6d8 .param/l "DATA_WIDTH" 1 3 7, +C4<00000000000000000000000000001000>;
P_000001cdd252e710 .param/l "RAM_DEPTH" 1 3 9, +C4<000000000000000000000000000000010000000>;
v000001cdd2547cb0_0 .var "clk", 0 0;
v000001cdd2547d50_0 .var/i "errors", 31 0;
v000001cdd2547df0_0 .var/i "idx", 31 0;
v000001cdd2547e90_0 .var "rd_addr", 6 0;
v000001cdd2544dc0_0 .net "rd_data", 7 0, v000001cdd252def0_0;  1 drivers
v000001cdd25a3fd0_0 .var "resetN", 0 0;
v000001cdd25a3210_0 .var "wr_addr", 6 0;
v000001cdd25a3350_0 .var "wr_data", 7 0;
v000001cdd25a3d50_0 .var "wr_en", 0 0;
E_000001cdd25255b0 .event posedge, v000001cdd252cc20_0;
S_000001cdd252ca90 .scope module, "dut" "lut_mem" 3 24, 4 2 0, S_000001cdd252c900;
 .timescale -9 -10;
    .port_info 0 /INPUT 1 "clk";
    .port_info 1 /INPUT 1 "resetN";
    .port_info 2 /INPUT 7 "rd_addr";
    .port_info 3 /INPUT 7 "wr_addr";
    .port_info 4 /INPUT 1 "wr_en";
    .port_info 5 /INPUT 8 "wr_data";
    .port_info 6 /OUTPUT 8 "rd_data";
P_000001cdd252f3b0 .param/l "ADDR_WIDTH" 0 4 14, +C4<00000000000000000000000000000111>;
P_000001cdd252f3e8 .param/l "DATA_WIDTH" 0 4 13, +C4<00000000000000000000000000001000>;
P_000001cdd252f420 .param/l "RAM_DEPTH" 0 4 15, +C4<000000000000000000000000000000010000000>;
v000001cdd252cc20_0 .net "clk", 0 0, v000001cdd2547cb0_0;  1 drivers
v000001cdd252b240 .array "memory", 127 0, 7 0;
v000001cdd252b2e0_0 .net "rd_addr", 6 0, v000001cdd2547e90_0;  1 drivers
v000001cdd252def0_0 .var "rd_data", 7 0;
v000001cdd252df90_0 .net "resetN", 0 0, v000001cdd25a3fd0_0;  1 drivers
v000001cdd2547ad0_0 .net "wr_addr", 6 0, v000001cdd25a3210_0;  1 drivers
v000001cdd2547b70_0 .net "wr_data", 7 0, v000001cdd25a3350_0;  1 drivers
v000001cdd2547c10_0 .net "wr_en", 0 0, v000001cdd25a3d50_0;  1 drivers
E_000001cdd25252b0/0 .event negedge, v000001cdd252df90_0;
E_000001cdd25252b0/1 .event posedge, v000001cdd252cc20_0;
E_000001cdd25252b0 .event/or E_000001cdd25252b0/0, E_000001cdd25252b0/1;
    .scope S_000001cdd252ca90;
T_0 ;
    %wait E_000001cdd25252b0;
    %load/vec4 v000001cdd252df90_0;
    %nor/r;
    %flag_set/vec4 8;
    %jmp/0xz  T_0.0, 8;
    %pushi/vec4 0, 0, 8;
    %assign/vec4 v000001cdd252def0_0, 10;
    %jmp T_0.1;
T_0.0 ;
    %load/vec4 v000001cdd2547c10_0;
    %flag_set/vec4 8;
    %jmp/0xz  T_0.2, 8;
    %load/vec4 v000001cdd2547b70_0;
    %load/vec4 v000001cdd2547ad0_0;
    %pad/u 9;
    %ix/vec4 3;
    %ix/load 4, 10, 0; Constant delay
    %assign/vec4/a/d v000001cdd252b240, 0, 4;
T_0.2 ;
    %load/vec4 v000001cdd252b2e0_0;
    %pad/u 9;
    %ix/vec4 4;
    %load/vec4a v000001cdd252b240, 4;
    %assign/vec4 v000001cdd252def0_0, 10;
T_0.1 ;
    %jmp T_0;
    .thread T_0;
    .scope S_000001cdd252c900;
T_1 ;
    %delay 25, 0;
    %load/vec4 v000001cdd2547cb0_0;
    %inv;
    %store/vec4 v000001cdd2547cb0_0, 0, 1;
    %jmp T_1;
    .thread T_1;
    .scope S_000001cdd252c900;
T_2 ;
    %vpi_call/w 3 38 "$dumpfile", "lut_rw_tb.vcd" {0 0 0};
    %vpi_call/w 3 39 "$dumpvars", 32'sb00000000000000000000000000000000, S_000001cdd252c900 {0 0 0};
    %pushi/vec4 0, 0, 1;
    %store/vec4 v000001cdd2547cb0_0, 0, 1;
    %pushi/vec4 0, 0, 1;
    %store/vec4 v000001cdd25a3fd0_0, 0, 1;
    %pushi/vec4 0, 0, 7;
    %store/vec4 v000001cdd2547e90_0, 0, 7;
    %pushi/vec4 0, 0, 7;
    %store/vec4 v000001cdd25a3210_0, 0, 7;
    %pushi/vec4 0, 0, 8;
    %store/vec4 v000001cdd25a3350_0, 0, 8;
    %pushi/vec4 0, 0, 1;
    %store/vec4 v000001cdd25a3d50_0, 0, 1;
    %pushi/vec4 0, 0, 32;
    %store/vec4 v000001cdd2547d50_0, 0, 32;
    %pushi/vec4 2, 0, 32;
T_2.0 %dup/vec4;
    %pushi/vec4 0, 0, 32;
    %cmp/s;
    %jmp/1xz T_2.1, 5;
    %jmp/1 T_2.1, 4;
    %pushi/vec4 1, 0, 32;
    %sub;
    %wait E_000001cdd25255b0;
    %jmp T_2.0;
T_2.1 ;
    %pop/vec4 1;
    %pushi/vec4 1, 0, 1;
    %store/vec4 v000001cdd25a3fd0_0, 0, 1;
    %pushi/vec4 0, 0, 32;
    %store/vec4 v000001cdd2547df0_0, 0, 32;
T_2.2 ;
    %load/vec4 v000001cdd2547df0_0;
    %pad/s 39;
    %cmpi/s 128, 0, 39;
    %jmp/0xz T_2.3, 5;
    %pushi/vec4 1, 0, 1;
    %assign/vec4 v000001cdd25a3d50_0, 0;
    %load/vec4 v000001cdd2547df0_0;
    %parti/s 7, 0, 2;
    %assign/vec4 v000001cdd25a3210_0, 0;
    %load/vec4 v000001cdd2547df0_0;
    %parti/s 8, 0, 2;
    %assign/vec4 v000001cdd25a3350_0, 0;
    %wait E_000001cdd25255b0;
    %pushi/vec4 0, 0, 1;
    %assign/vec4 v000001cdd25a3d50_0, 0;
    %load/vec4 v000001cdd2547df0_0;
    %addi 1, 0, 32;
    %store/vec4 v000001cdd2547df0_0, 0, 32;
    %jmp T_2.2;
T_2.3 ;
    %wait E_000001cdd25255b0;
    %pushi/vec4 0, 0, 7;
    %assign/vec4 v000001cdd2547e90_0, 0;
    %wait E_000001cdd25255b0;
    %delay 10, 0;
    %load/vec4 v000001cdd2544dc0_0;
    %cmpi/ne 0, 0, 8;
    %jmp/0xz  T_2.4, 6;
    %vpi_call/w 3 72 "$error", "Mismatch at addr 0: got %0h expected %0h", v000001cdd2544dc0_0, 8'b00000000 {0 0 0};
    %load/vec4 v000001cdd2547d50_0;
    %addi 1, 0, 32;
    %store/vec4 v000001cdd2547d50_0, 0, 32;
    %jmp T_2.5;
T_2.4 ;
    %vpi_call/w 3 75 "$display", "PASS addr 0 data %0h", v000001cdd2544dc0_0 {0 0 0};
T_2.5 ;
    %pushi/vec4 1, 0, 32;
    %store/vec4 v000001cdd2547df0_0, 0, 32;
T_2.6 ;
    %load/vec4 v000001cdd2547df0_0;
    %pad/s 39;
    %cmpi/s 128, 0, 39;
    %jmp/0xz T_2.7, 5;
    %load/vec4 v000001cdd2547df0_0;
    %parti/s 7, 0, 2;
    %assign/vec4 v000001cdd2547e90_0, 0;
    %wait E_000001cdd25255b0;
    %delay 10, 0;
    %load/vec4 v000001cdd2544dc0_0;
    %pad/u 32;
    %load/vec4 v000001cdd2547df0_0;
    %subi 1, 0, 32;
    %cmp/ne;
    %jmp/0xz  T_2.8, 6;
    %load/vec4 v000001cdd2547df0_0;
    %subi 1, 0, 32;
    %load/vec4 v000001cdd2547df0_0;
    %subi 1, 0, 32;
    %vpi_call/w 3 84 "$error", "Mismatch at addr %0d: got %0h expected %0h", S<1,vec4,s32>, v000001cdd2544dc0_0, S<0,vec4,s32> {2 0 0};
    %load/vec4 v000001cdd2547d50_0;
    %addi 1, 0, 32;
    %store/vec4 v000001cdd2547d50_0, 0, 32;
    %jmp T_2.9;
T_2.8 ;
    %load/vec4 v000001cdd2547df0_0;
    %subi 1, 0, 32;
    %vpi_call/w 3 88 "$display", "PASS addr %0d data %0h", S<0,vec4,s32>, v000001cdd2544dc0_0 {1 0 0};
T_2.9 ;
    %load/vec4 v000001cdd2547df0_0;
    %addi 1, 0, 32;
    %store/vec4 v000001cdd2547df0_0, 0, 32;
    %jmp T_2.6;
T_2.7 ;
    %wait E_000001cdd25255b0;
    %delay 10, 0;
    %load/vec4 v000001cdd2544dc0_0;
    %pad/u 39;
    %cmpi/ne 127, 0, 39;
    %jmp/0xz  T_2.10, 6;
    %vpi_call/w 3 96 "$error", "Mismatch at addr %0d: got %0h expected %0h", 39'sb000000000000000000000000000000001111111, v000001cdd2544dc0_0, 39'sb000000000000000000000000000000001111111 {0 0 0};
    %load/vec4 v000001cdd2547d50_0;
    %addi 1, 0, 32;
    %store/vec4 v000001cdd2547d50_0, 0, 32;
    %jmp T_2.11;
T_2.10 ;
    %vpi_call/w 3 100 "$display", "PASS addr %0d data %0h", 39'sb000000000000000000000000000000001111111, v000001cdd2544dc0_0 {0 0 0};
T_2.11 ;
    %load/vec4 v000001cdd2547d50_0;
    %cmpi/e 0, 0, 32;
    %jmp/0xz  T_2.12, 4;
    %vpi_call/w 3 104 "$display", "LUT_MEM TB PASSED (%0d entries)", P_000001cdd252e710 {0 0 0};
    %jmp T_2.13;
T_2.12 ;
    %vpi_call/w 3 106 "$display", "LUT_MEM TB FAILED with %0d errors", v000001cdd2547d50_0 {0 0 0};
T_2.13 ;
    %vpi_call/w 3 108 "$finish" {0 0 0};
    %end;
    .thread T_2;
# The file index is used to find the file name in the following table.
:file_names 5;
    "N/A";
    "<interactive>";
    "-";
    "X:\Git-Repos\ANIDS-VLSI-PROJECT\ANIDS\tb\lut_rw_tb.v";
    "X:\Git-Repos\ANIDS-VLSI-PROJECT\ANIDS\src\lut_mem.v";
