#! /c/Source/iverilog-install/bin/vvp
:ivl_version "12.0 (devel)" "(s20150603-1539-g2693dd32b)";
:ivl_delay_selection "TYPICAL";
:vpi_time_precision - 10;
:vpi_module "C:\iverilog\lib\ivl\system.vpi";
:vpi_module "C:\iverilog\lib\ivl\vhdl_sys.vpi";
:vpi_module "C:\iverilog\lib\ivl\vhdl_textio.vpi";
:vpi_module "C:\iverilog\lib\ivl\v2005_math.vpi";
:vpi_module "C:\iverilog\lib\ivl\va_math.vpi";
:vpi_module "C:\iverilog\lib\ivl\v2009.vpi";
S_00000296a5fa8c50 .scope package, "$unit" "$unit" 2 1;
 .timescale 0 0;
S_00000296a5f6dc70 .scope module, "relu_unit_tb" "relu_unit_tb" 3 5;
 .timescale -9 -10;
P_00000296a5fa7030 .param/l "DATA_WIDTH" 1 3 7, +C4<00000000000000000000000000001000>;
v00000296a5fbb4b0_0 .var/s "in_data", 7 0;
v00000296a5fbb550_0 .net "out_data", 7 0, v00000296a5fc1320_0;  1 drivers
v00000296a5fbb5f0_0 .var "ready", 0 0;
v00000296a5fbb690_0 .var "resetN", 0 0;
S_00000296a5f6de00 .scope task, "check_output" "check_output" 3 45, 3 45 0, S_00000296a5f6dc70;
 .timescale -9 -10;
v00000296a5f621d0_0 .var "expected", 7 0;
v00000296a5fa44a0_0 .var/s "test_in", 7 0;
v00000296a5fa4540_0 .var "test_name", 255 0;
v00000296a5fc0fb0_0 .var "test_ready", 0 0;
v00000296a5fc1050_0 .var "test_resetN", 0 0;
TD_relu_unit_tb.check_output ;
    %load/vec4 v00000296a5fa44a0_0;
    %store/vec4 v00000296a5fbb4b0_0, 0, 8;
    %load/vec4 v00000296a5fc1050_0;
    %store/vec4 v00000296a5fbb690_0, 0, 1;
    %load/vec4 v00000296a5fc0fb0_0;
    %store/vec4 v00000296a5fbb5f0_0, 0, 1;
    %delay 10, 0;
    %load/vec4 v00000296a5fbb550_0;
    %load/vec4 v00000296a5f621d0_0;
    %cmp/ne;
    %jmp/0xz  T_0.0, 6;
    %vpi_call/w 3 59 "$error", "FAIL: %0s | in=%0d resetN=%0b ready=%0b out=%0d expected=%0d", v00000296a5fa4540_0, v00000296a5fa44a0_0, v00000296a5fc1050_0, v00000296a5fc0fb0_0, v00000296a5fbb550_0, v00000296a5f621d0_0 {0 0 0};
    %vpi_call/w 3 61 "$finish" {0 0 0};
    %jmp T_0.1;
T_0.0 ;
    %vpi_call/w 3 64 "$display", "PASS: %0s", v00000296a5fa4540_0 {0 0 0};
T_0.1 ;
    %end;
S_00000296a5fc10f0 .scope module, "dut" "relu_unit" 3 16, 4 4 0, S_00000296a5f6dc70;
 .timescale -9 -10;
    .port_info 0 /INPUT 8 "in_data";
    .port_info 1 /INPUT 1 "resetN";
    .port_info 2 /INPUT 1 "ready";
    .port_info 3 /OUTPUT 8 "out_data";
P_00000296a5fa77b0 .param/l "DATA_WIDTH" 0 4 11, +C4<00000000000000000000000000001000>;
v00000296a5fc1280_0 .net/s "in_data", 7 0, v00000296a5fbb4b0_0;  1 drivers
v00000296a5fc1320_0 .var "out_data", 7 0;
v00000296a5fbb370_0 .net "ready", 0 0, v00000296a5fbb5f0_0;  1 drivers
v00000296a5fbb410_0 .net "resetN", 0 0, v00000296a5fbb690_0;  1 drivers
E_00000296a5fa6ef0 .event anyedge, v00000296a5fbb410_0, v00000296a5fbb370_0, v00000296a5fc1280_0;
    .scope S_00000296a5fc10f0;
T_1 ;
    %wait E_00000296a5fa6ef0;
    %load/vec4 v00000296a5fbb410_0;
    %nor/r;
    %flag_set/vec4 8;
    %jmp/0xz  T_1.0, 8;
    %pushi/vec4 0, 0, 8;
    %store/vec4 v00000296a5fc1320_0, 0, 8;
    %jmp T_1.1;
T_1.0 ;
    %load/vec4 v00000296a5fbb370_0;
    %nor/r;
    %flag_set/vec4 8;
    %jmp/0xz  T_1.2, 8;
    %pushi/vec4 0, 0, 8;
    %store/vec4 v00000296a5fc1320_0, 0, 8;
    %jmp T_1.3;
T_1.2 ;
    %load/vec4 v00000296a5fc1280_0;
    %parti/s 1, 7, 4;
    %flag_set/vec4 8;
    %jmp/0xz  T_1.4, 8;
    %pushi/vec4 0, 0, 8;
    %store/vec4 v00000296a5fc1320_0, 0, 8;
    %jmp T_1.5;
T_1.4 ;
    %load/vec4 v00000296a5fc1280_0;
    %store/vec4 v00000296a5fc1320_0, 0, 8;
T_1.5 ;
T_1.3 ;
T_1.1 ;
    %jmp T_1;
    .thread T_1, $push;
    .scope S_00000296a5f6dc70;
T_2 ;
    %vpi_call/w 3 24 "$dumpfile", "relu_unit_tb.vcd" {0 0 0};
    %vpi_call/w 3 25 "$dumpvars", 32'sb00000000000000000000000000000000, S_00000296a5f6dc70 {0 0 0};
    %pushi/vec4 0, 0, 8;
    %store/vec4 v00000296a5fbb4b0_0, 0, 8;
    %pushi/vec4 0, 0, 1;
    %store/vec4 v00000296a5fbb690_0, 0, 1;
    %pushi/vec4 0, 0, 1;
    %store/vec4 v00000296a5fbb5f0_0, 0, 1;
    %delay 10, 0;
    %pushi/vec4 25, 0, 8;
    %store/vec4 v00000296a5fa44a0_0, 0, 8;
    %pushi/vec4 0, 0, 1;
    %store/vec4 v00000296a5fc1050_0, 0, 1;
    %pushi/vec4 1, 0, 1;
    %store/vec4 v00000296a5fc0fb0_0, 0, 1;
    %pushi/vec4 0, 0, 8;
    %store/vec4 v00000296a5f621d0_0, 0, 8;
    %pushi/vec4 0, 0, 32; draw_string_vec4
    %pushi/vec4 0, 0, 32; draw_string_vec4
    %concat/vec4; draw_string_vec4
    %pushi/vec4 0, 0, 32; draw_string_vec4
    %concat/vec4; draw_string_vec4
    %pushi/vec4 7497075, 0, 32; draw_string_vec4
    %concat/vec4; draw_string_vec4
    %pushi/vec4 1702109283, 0, 32; draw_string_vec4
    %concat/vec4; draw_string_vec4
    %pushi/vec4 1818583410, 0, 32; draw_string_vec4
    %concat/vec4; draw_string_vec4
    %pushi/vec4 1931505525, 0, 32; draw_string_vec4
    %concat/vec4; draw_string_vec4
    %pushi/vec4 1953527156, 0, 32; draw_string_vec4
    %concat/vec4; draw_string_vec4
    %store/vec4 v00000296a5fa4540_0, 0, 256;
    %fork TD_relu_unit_tb.check_output, S_00000296a5f6de00;
    %join;
    %pushi/vec4 25, 0, 8;
    %store/vec4 v00000296a5fa44a0_0, 0, 8;
    %pushi/vec4 1, 0, 1;
    %store/vec4 v00000296a5fc1050_0, 0, 1;
    %pushi/vec4 0, 0, 1;
    %store/vec4 v00000296a5fc0fb0_0, 0, 1;
    %pushi/vec4 0, 0, 8;
    %store/vec4 v00000296a5f621d0_0, 0, 8;
    %pushi/vec4 7497057, 0, 32; draw_string_vec4
    %pushi/vec4 1685659756, 0, 32; draw_string_vec4
    %concat/vec4; draw_string_vec4
    %pushi/vec4 1870078050, 0, 32; draw_string_vec4
    %concat/vec4; draw_string_vec4
    %pushi/vec4 1819239275, 0, 32; draw_string_vec4
    %concat/vec4; draw_string_vec4
    %pushi/vec4 1931505775, 0, 32; draw_string_vec4
    %concat/vec4; draw_string_vec4
    %pushi/vec4 1936290921, 0, 32; draw_string_vec4
    %concat/vec4; draw_string_vec4
    %pushi/vec4 1986338921, 0, 32; draw_string_vec4
    %concat/vec4; draw_string_vec4
    %pushi/vec4 1852863860, 0, 32; draw_string_vec4
    %concat/vec4; draw_string_vec4
    %store/vec4 v00000296a5fa4540_0, 0, 256;
    %fork TD_relu_unit_tb.check_output, S_00000296a5f6de00;
    %join;
    %pushi/vec4 249, 0, 8;
    %store/vec4 v00000296a5fa44a0_0, 0, 8;
    %pushi/vec4 1, 0, 1;
    %store/vec4 v00000296a5fc1050_0, 0, 1;
    %pushi/vec4 0, 0, 1;
    %store/vec4 v00000296a5fc0fb0_0, 0, 1;
    %pushi/vec4 0, 0, 8;
    %store/vec4 v00000296a5f621d0_0, 0, 8;
    %pushi/vec4 7497057, 0, 32; draw_string_vec4
    %pushi/vec4 1685659756, 0, 32; draw_string_vec4
    %concat/vec4; draw_string_vec4
    %pushi/vec4 1870078050, 0, 32; draw_string_vec4
    %concat/vec4; draw_string_vec4
    %pushi/vec4 1819239275, 0, 32; draw_string_vec4
    %concat/vec4; draw_string_vec4
    %pushi/vec4 1931505253, 0, 32; draw_string_vec4
    %concat/vec4; draw_string_vec4
    %pushi/vec4 1734440041, 0, 32; draw_string_vec4
    %concat/vec4; draw_string_vec4
    %pushi/vec4 1986338921, 0, 32; draw_string_vec4
    %concat/vec4; draw_string_vec4
    %pushi/vec4 1852863860, 0, 32; draw_string_vec4
    %concat/vec4; draw_string_vec4
    %store/vec4 v00000296a5fa4540_0, 0, 256;
    %fork TD_relu_unit_tb.check_output, S_00000296a5f6de00;
    %join;
    %pushi/vec4 25, 0, 8;
    %store/vec4 v00000296a5fa44a0_0, 0, 8;
    %pushi/vec4 1, 0, 1;
    %store/vec4 v00000296a5fc1050_0, 0, 1;
    %pushi/vec4 1, 0, 1;
    %store/vec4 v00000296a5fc0fb0_0, 0, 1;
    %pushi/vec4 25, 0, 8;
    %store/vec4 v00000296a5f621d0_0, 0, 8;
    %pushi/vec4 112, 0, 32; draw_string_vec4
    %pushi/vec4 1869834612, 0, 32; draw_string_vec4
    %concat/vec4; draw_string_vec4
    %pushi/vec4 1769366816, 0, 32; draw_string_vec4
    %concat/vec4; draw_string_vec4
    %pushi/vec4 1768845429, 0, 32; draw_string_vec4
    %concat/vec4; draw_string_vec4
    %pushi/vec4 1948282977, 0, 32; draw_string_vec4
    %concat/vec4; draw_string_vec4
    %pushi/vec4 1936942451, 0, 32; draw_string_vec4
    %concat/vec4; draw_string_vec4
    %pushi/vec4 544499826, 0, 32; draw_string_vec4
    %concat/vec4; draw_string_vec4
    %pushi/vec4 1869965160, 0, 32; draw_string_vec4
    %concat/vec4; draw_string_vec4
    %store/vec4 v00000296a5fa4540_0, 0, 256;
    %fork TD_relu_unit_tb.check_output, S_00000296a5f6de00;
    %join;
    %pushi/vec4 0, 0, 8;
    %store/vec4 v00000296a5fa44a0_0, 0, 8;
    %pushi/vec4 1, 0, 1;
    %store/vec4 v00000296a5fc1050_0, 0, 1;
    %pushi/vec4 1, 0, 1;
    %store/vec4 v00000296a5fc0fb0_0, 0, 1;
    %pushi/vec4 0, 0, 8;
    %store/vec4 v00000296a5f621d0_0, 0, 8;
    %pushi/vec4 0, 0, 32; draw_string_vec4
    %pushi/vec4 0, 0, 32; draw_string_vec4
    %concat/vec4; draw_string_vec4
    %pushi/vec4 122, 0, 32; draw_string_vec4
    %concat/vec4; draw_string_vec4
    %pushi/vec4 1701998368, 0, 32; draw_string_vec4
    %concat/vec4; draw_string_vec4
    %pushi/vec4 1768845429, 0, 32; draw_string_vec4
    %concat/vec4; draw_string_vec4
    %pushi/vec4 1948283764, 0, 32; draw_string_vec4
    %concat/vec4; draw_string_vec4
    %pushi/vec4 1635349280, 0, 32; draw_string_vec4
    %concat/vec4; draw_string_vec4
    %pushi/vec4 2053468783, 0, 32; draw_string_vec4
    %concat/vec4; draw_string_vec4
    %store/vec4 v00000296a5fa4540_0, 0, 256;
    %fork TD_relu_unit_tb.check_output, S_00000296a5f6de00;
    %join;
    %pushi/vec4 255, 0, 8;
    %store/vec4 v00000296a5fa44a0_0, 0, 8;
    %pushi/vec4 1, 0, 1;
    %store/vec4 v00000296a5fc1050_0, 0, 1;
    %pushi/vec4 1, 0, 1;
    %store/vec4 v00000296a5fc0fb0_0, 0, 1;
    %pushi/vec4 0, 0, 8;
    %store/vec4 v00000296a5f621d0_0, 0, 8;
    %pushi/vec4 0, 0, 32; draw_string_vec4
    %pushi/vec4 7234919, 0, 32; draw_string_vec4
    %concat/vec4; draw_string_vec4
    %pushi/vec4 1635019126, 0, 32; draw_string_vec4
    %concat/vec4; draw_string_vec4
    %pushi/vec4 1696624494, 0, 32; draw_string_vec4
    %concat/vec4; draw_string_vec4
    %pushi/vec4 1696621420, 0, 32; draw_string_vec4
    %concat/vec4; draw_string_vec4
    %pushi/vec4 1634562163, 0, 32; draw_string_vec4
    %concat/vec4; draw_string_vec4
    %pushi/vec4 544501536, 0, 32; draw_string_vec4
    %concat/vec4; draw_string_vec4
    %pushi/vec4 2053468783, 0, 32; draw_string_vec4
    %concat/vec4; draw_string_vec4
    %store/vec4 v00000296a5fa4540_0, 0, 256;
    %fork TD_relu_unit_tb.check_output, S_00000296a5f6de00;
    %join;
    %pushi/vec4 192, 0, 8;
    %store/vec4 v00000296a5fa44a0_0, 0, 8;
    %pushi/vec4 1, 0, 1;
    %store/vec4 v00000296a5fc1050_0, 0, 1;
    %pushi/vec4 1, 0, 1;
    %store/vec4 v00000296a5fc0fb0_0, 0, 1;
    %pushi/vec4 0, 0, 8;
    %store/vec4 v00000296a5f621d0_0, 0, 8;
    %pushi/vec4 110, 0, 32; draw_string_vec4
    %pushi/vec4 1701273972, 0, 32; draw_string_vec4
    %concat/vec4; draw_string_vec4
    %pushi/vec4 1769366816, 0, 32; draw_string_vec4
    %concat/vec4; draw_string_vec4
    %pushi/vec4 1986096245, 0, 32; draw_string_vec4
    %concat/vec4; draw_string_vec4
    %pushi/vec4 1696621420, 0, 32; draw_string_vec4
    %concat/vec4; draw_string_vec4
    %pushi/vec4 1634562163, 0, 32; draw_string_vec4
    %concat/vec4; draw_string_vec4
    %pushi/vec4 544501536, 0, 32; draw_string_vec4
    %concat/vec4; draw_string_vec4
    %pushi/vec4 2053468783, 0, 32; draw_string_vec4
    %concat/vec4; draw_string_vec4
    %store/vec4 v00000296a5fa4540_0, 0, 256;
    %fork TD_relu_unit_tb.check_output, S_00000296a5f6de00;
    %join;
    %pushi/vec4 127, 0, 8;
    %store/vec4 v00000296a5fa44a0_0, 0, 8;
    %pushi/vec4 1, 0, 1;
    %store/vec4 v00000296a5fc1050_0, 0, 1;
    %pushi/vec4 1, 0, 1;
    %store/vec4 v00000296a5fc0fb0_0, 0, 1;
    %pushi/vec4 127, 0, 8;
    %store/vec4 v00000296a5f621d0_0, 0, 8;
    %pushi/vec4 0, 0, 32; draw_string_vec4
    %pushi/vec4 7168376, 0, 32; draw_string_vec4
    %concat/vec4; draw_string_vec4
    %pushi/vec4 544239475, 0, 32; draw_string_vec4
    %concat/vec4; draw_string_vec4
    %pushi/vec4 1769236854, 0, 32; draw_string_vec4
    %concat/vec4; draw_string_vec4
    %pushi/vec4 1696624737, 0, 32; draw_string_vec4
    %concat/vec4; draw_string_vec4
    %pushi/vec4 1936942451, 0, 32; draw_string_vec4
    %concat/vec4; draw_string_vec4
    %pushi/vec4 544499826, 0, 32; draw_string_vec4
    %concat/vec4; draw_string_vec4
    %pushi/vec4 1869965160, 0, 32; draw_string_vec4
    %concat/vec4; draw_string_vec4
    %store/vec4 v00000296a5fa4540_0, 0, 256;
    %fork TD_relu_unit_tb.check_output, S_00000296a5f6de00;
    %join;
    %vpi_call/w 3 41 "$display", "RELU_UNIT TB PASSED" {0 0 0};
    %vpi_call/w 3 42 "$finish" {0 0 0};
    %end;
    .thread T_2;
# The file index is used to find the file name in the following table.
:file_names 5;
    "N/A";
    "<interactive>";
    "-";
    "E:\Git-Repos\ANIDS-VLSI-PROJECT\ANIDS\tb\relu_unit_tb.v";
    "E:\Git-Repos\ANIDS-VLSI-PROJECT\ANIDS\src\relu_unit.v";
