#! /c/Source/iverilog-install/bin/vvp
:ivl_version "12.0 (devel)" "(s20150603-1539-g2693dd32b)";
:ivl_delay_selection "TYPICAL";
:vpi_time_precision - 10;
:vpi_module "C:\iverilog\lib\ivl\system.vpi";
:vpi_module "C:\iverilog\lib\ivl\vhdl_sys.vpi";
:vpi_module "C:\iverilog\lib\ivl\vhdl_textio.vpi";
:vpi_module "C:\iverilog\lib\ivl\v2005_math.vpi";
:vpi_module "C:\iverilog\lib\ivl\va_math.vpi";
:vpi_module "C:\iverilog\lib\ivl\v2009.vpi";
S_00000231666c8580 .scope package, "$unit" "$unit" 2 1;
 .timescale 0 0;
S_00000231666c8f70 .scope module, "pipeline_manager_tb" "pipeline_manager_tb" 3 5;
 .timescale -9 -10;
P_0000023166738760 .param/l "COUNTER_WIDTH" 1 3 8, +C4<00000000000000000000000000000111>;
P_0000023166738798 .param/l "VECTOR_WIDTH" 1 3 7, +C4<00000000000000000000000010000000>;
v0000023166810d80_0 .var "N", 7 0;
v0000023166810e20_0 .var "clk", 0 0;
v0000023166810ec0_0 .net "counter", 6 0, v000002316680f7a0_0;  1 drivers
v0000023166812610_0 .net "enable", 0 0, L_00000231666d0320;  1 drivers
v0000023166811e90_0 .net "fetch", 0 0, v0000023166810a60_0;  1 drivers
v00000231668122f0_0 .net "loss_enable", 0 0, L_00000231666d1350;  1 drivers
v0000023166811210_0 .var "mem_data", 127 0;
v0000023166811490_0 .net "mfu_features", 127 0, v000002316680fc00_0;  1 drivers
v00000231668124d0_0 .net "mfu_ready", 0 0, v00000231668107e0_0;  1 drivers
v0000023166811850_0 .net "mfu_updated", 0 0, v0000023166810ce0_0;  1 drivers
v0000023166812110_0 .net "next_vector", 127 0, L_00000231666d1ba0;  1 drivers
v0000023166811c10_0 .net "output_enable", 0 0, L_00000231666d0080;  1 drivers
v0000023166811f30_0 .var "resetN", 0 0;
v00000231668118f0_0 .var "start", 0 0;
v0000023166812750_0 .var "valid", 0 0;
v0000023166812a70_0 .net "validate_vector", 127 0, L_00000231666d0c50;  1 drivers
E_00000231667b1190 .event anyedge, v000002316680f200_0;
E_00000231667b0a90 .event anyedge, v0000023166810a60_0;
S_0000023166798090 .scope task, "check_outputs" "check_outputs" 3 131, 3 131 0, S_00000231666c8f70;
 .timescale -9 -10;
v00000231666d22a0_0 .var "expected_counter", 6 0;
v00000231666d2e80_0 .var "expected_fetch", 0 0;
v00000231666d2520_0 .var "expected_hidden_enable", 0 0;
v00000231666d2020_0 .var "expected_loss_enable", 0 0;
v00000231666d2c00_0 .var "expected_next_vector", 127 0;
v00000231666d25c0_0 .var "expected_output_enable", 0 0;
v00000231666d2660_0 .var "expected_validate_vector", 127 0;
v00000231666d2700_0 .var "test_name", 255 0;
TD_pipeline_manager_tb.check_outputs ;
    %load/vec4 v0000023166811e90_0;
    %load/vec4 v00000231666d2e80_0;
    %cmp/ne;
    %jmp/1 T_0.7, 6;
    %flag_mov 8, 6;
    %load/vec4 v0000023166812610_0;
    %load/vec4 v00000231666d2520_0;
    %cmp/ne;
    %flag_or 6, 8;
T_0.7;
    %jmp/1 T_0.6, 6;
    %flag_mov 8, 6;
    %load/vec4 v0000023166811c10_0;
    %load/vec4 v00000231666d25c0_0;
    %cmp/ne;
    %flag_or 6, 8;
T_0.6;
    %jmp/1 T_0.5, 6;
    %flag_mov 8, 6;
    %load/vec4 v00000231668122f0_0;
    %load/vec4 v00000231666d2020_0;
    %cmp/ne;
    %flag_or 6, 8;
T_0.5;
    %jmp/1 T_0.4, 6;
    %flag_mov 8, 6;
    %load/vec4 v0000023166810ec0_0;
    %load/vec4 v00000231666d22a0_0;
    %cmp/ne;
    %flag_or 6, 8;
T_0.4;
    %jmp/1 T_0.3, 6;
    %flag_mov 8, 6;
    %load/vec4 v0000023166812110_0;
    %load/vec4 v00000231666d2c00_0;
    %cmp/ne;
    %flag_or 6, 8;
T_0.3;
    %jmp/1 T_0.2, 6;
    %flag_mov 8, 6;
    %load/vec4 v0000023166812a70_0;
    %load/vec4 v00000231666d2660_0;
    %cmp/ne;
    %flag_or 6, 8;
T_0.2;
    %jmp/0xz  T_0.0, 6;
    %vpi_call/w 3 149 "$error", "FAIL: %0s | fetch=%0b expected_fetch=%0b hidden=%0b expected_hidden=%0b output=%0b expected_output=%0b loss=%0b expected_loss=%0b counter=%0d expected_counter=%0d next=%032h expected_next=%032h validate=%032h expected_validate=%032h", v00000231666d2700_0, v0000023166811e90_0, v00000231666d2e80_0, v0000023166812610_0, v00000231666d2520_0, v0000023166811c10_0, v00000231666d25c0_0, v00000231668122f0_0, v00000231666d2020_0, v0000023166810ec0_0, v00000231666d22a0_0, v0000023166812110_0, v00000231666d2c00_0, v0000023166812a70_0, v00000231666d2660_0 {0 0 0};
    %vpi_call/w 3 154 "$finish" {0 0 0};
    %jmp T_0.1;
T_0.0 ;
    %vpi_call/w 3 157 "$display", "PASS: %0s", v00000231666d2700_0 {0 0 0};
T_0.1 ;
    %end;
S_0000023166798220 .scope module, "dut" "pipeline_manager" 3 30, 4 4 0, S_00000231666c8f70;
 .timescale -9 -10;
    .port_info 0 /INPUT 1 "clk";
    .port_info 1 /INPUT 1 "resetN";
    .port_info 2 /INPUT 1 "start";
    .port_info 3 /INPUT 8 "N";
    .port_info 4 /INPUT 128 "mfu_features";
    .port_info 5 /INPUT 1 "mfu_updated";
    .port_info 6 /OUTPUT 1 "fetch";
    .port_info 7 /OUTPUT 1 "enable";
    .port_info 8 /OUTPUT 1 "output_enable";
    .port_info 9 /OUTPUT 1 "loss_enable";
    .port_info 10 /OUTPUT 128 "next_vector";
    .port_info 11 /OUTPUT 128 "validate_vector";
    .port_info 12 /OUTPUT 7 "counter";
P_00000231667983b0 .param/l "COUNTER_WIDTH" 0 4 21, +C4<00000000000000000000000000000111>;
P_00000231667983e8 .param/l "EPOCH_WIDTH" 0 4 25, +C4<00000000000000000000000000000011>;
P_0000023166798420 .param/l "FIFO_COUNT_W" 0 4 23, +C4<00000000000000000000000000000011>;
P_0000023166798458 .param/l "FIFO_DEPTH" 0 4 22, +C4<00000000000000000000000000000100>;
P_0000023166798490 .param/l "FIFO_PTR_W" 0 4 24, +C4<00000000000000000000000000000010>;
P_00000231667984c8 .param/l "VECTOR_WIDTH" 0 4 20, +C4<00000000000000000000000010000000>;
L_00000231666d1ba0 .functor BUFZ 128, v000002316680ff20_0, C4<00000000000000000000000000000000000000000000000000000000000000000000000000000000000000000000000000000000000000000000000000000000>, C4<00000000000000000000000000000000000000000000000000000000000000000000000000000000000000000000000000000000000000000000000000000000>, C4<00000000000000000000000000000000000000000000000000000000000000000000000000000000000000000000000000000000000000000000000000000000>;
L_00000231666d0c50 .functor BUFZ 128, v0000023166810060_0, C4<00000000000000000000000000000000000000000000000000000000000000000000000000000000000000000000000000000000000000000000000000000000>, C4<00000000000000000000000000000000000000000000000000000000000000000000000000000000000000000000000000000000000000000000000000000000>, C4<00000000000000000000000000000000000000000000000000000000000000000000000000000000000000000000000000000000000000000000000000000000>;
L_00000231666d0320 .functor BUFZ 1, v0000023166810420_0, C4<0>, C4<0>, C4<0>;
L_00000231666d0080 .functor BUFZ 1, v000002316680f660_0, C4<0>, C4<0>, C4<0>;
L_00000231666d1350 .functor BUFZ 1, v000002316680f520_0, C4<0>, C4<0>, C4<0>;
L_00000231666d16d0 .functor OR 1, v0000023166810420_0, v000002316680f660_0, C4<0>, C4<0>;
L_00000231666d14a0 .functor OR 1, L_00000231666d16d0, v000002316680f520_0, C4<0>, C4<0>;
L_00000231666d0da0 .functor AND 1, L_00000231668121b0, L_0000023166812b10, C4<1>, C4<1>;
L_00000231666d1ac0 .functor AND 1, L_00000231666d14a0, L_00000231668115d0, C4<1>, C4<1>;
L_00000231666d19e0 .functor AND 1, L_00000231666d1ac0, L_00000231668127f0, C4<1>, C4<1>;
L_00000231666d08d0 .functor OR 1, L_00000231666d0da0, L_00000231666d19e0, C4<0>, C4<0>;
v00000231666d2840_0 .net "N", 7 0, v0000023166810d80_0;  1 drivers
v00000231666d2980_0 .net *"_ivl_11", 0 0, L_00000231666d16d0;  1 drivers
v00000231666d2160_0 .net *"_ivl_14", 7 0, L_0000023166813010;  1 drivers
v00000231666d2200_0 .net *"_ivl_16", 6 0, L_0000023166812930;  1 drivers
L_00000231668151e8 .functor BUFT 1, C4<0>, C4<0>, C4<0>, C4<0>;
v00000231666d2340_0 .net *"_ivl_18", 0 0, L_00000231668151e8;  1 drivers
L_0000023166815230 .functor BUFT 1, C4<00000001>, C4<0>, C4<0>, C4<0>;
v00000231666d23e0_0 .net/2u *"_ivl_20", 7 0, L_0000023166815230;  1 drivers
v00000231666d2ac0_0 .net *"_ivl_22", 7 0, L_0000023166812390;  1 drivers
v00000231666d20c0_0 .net *"_ivl_27", 0 0, L_00000231668121b0;  1 drivers
v00000231666d2d40_0 .net *"_ivl_28", 31 0, L_0000023166812250;  1 drivers
L_0000023166815278 .functor BUFT 1, C4<00000000000000000000000000000>, C4<0>, C4<0>, C4<0>;
v00000231666d2de0_0 .net *"_ivl_31", 28 0, L_0000023166815278;  1 drivers
L_00000231668152c0 .functor BUFT 1, C4<00000000000000000000000000000000>, C4<0>, C4<0>, C4<0>;
v0000023166810c40_0 .net/2u *"_ivl_32", 31 0, L_00000231668152c0;  1 drivers
v000002316680f2a0_0 .net *"_ivl_34", 0 0, L_0000023166812b10;  1 drivers
v0000023166810380_0 .net *"_ivl_38", 0 0, L_00000231668115d0;  1 drivers
v000002316680f700_0 .net *"_ivl_42", 31 0, L_0000023166812430;  1 drivers
L_0000023166815308 .functor BUFT 1, C4<00000000000000000000000000000>, C4<0>, C4<0>, C4<0>;
v0000023166810560_0 .net *"_ivl_45", 28 0, L_0000023166815308;  1 drivers
L_0000023166815350 .functor BUFT 1, C4<00000000000000000000000000000000>, C4<0>, C4<0>, C4<0>;
v000002316680f5c0_0 .net/2u *"_ivl_46", 31 0, L_0000023166815350;  1 drivers
v0000023166810b00_0 .net *"_ivl_51", 0 0, L_00000231666d19e0;  1 drivers
v000002316680f980_0 .net "boundary_shift", 0 0, L_00000231666d1ac0;  1 drivers
v000002316680fe80_0 .net "clk", 0 0, v0000023166810e20_0;  1 drivers
v000002316680f7a0_0 .var "counter", 6 0;
v000002316680f200_0 .net "enable", 0 0, L_00000231666d0320;  alias, 1 drivers
v0000023166811000_0 .var "epoch_count", 2 0;
v0000023166810a60_0 .var "fetch", 0 0;
v000002316680fd40_0 .var "fetch_inflight", 0 0;
v000002316680f840_0 .var "fifo_count", 2 0;
v000002316680f8e0 .array "fifo_mem", 3 0, 127 0;
v0000023166810600_0 .var "fifo_rd_ptr", 1 0;
v000002316680fa20_0 .var "fifo_wr_ptr", 1 0;
v00000231668110a0_0 .net "inject_next_stage", 0 0, L_00000231668127f0;  1 drivers
v000002316680f340_0 .net "last_pair_index", 6 0, L_0000023166811530;  1 drivers
v000002316680fde0_0 .net "loss_enable", 0 0, L_00000231666d1350;  alias, 1 drivers
v0000023166810880_0 .net "mfu_features", 127 0, v000002316680fc00_0;  alias, 1 drivers
v00000231668102e0_0 .net "mfu_updated", 0 0, v0000023166810ce0_0;  alias, 1 drivers
v000002316680fca0_0 .net "next_vector", 127 0, L_00000231666d1ba0;  alias, 1 drivers
v000002316680f480_0 .net "output_enable", 0 0, L_00000231666d0080;  alias, 1 drivers
v0000023166810240_0 .net "pop_fifo", 0 0, L_00000231666d08d0;  1 drivers
v0000023166810100_0 .net "resetN", 0 0, v0000023166811f30_0;  1 drivers
v0000023166810420_0 .var "stage0_valid", 0 0;
v000002316680ff20_0 .var "stage0_vector", 127 0;
v000002316680f660_0 .var "stage1_valid", 0 0;
v000002316680f3e0_0 .var "stage1_vector", 127 0;
v000002316680f520_0 .var "stage2_valid", 0 0;
v0000023166810060_0 .var "stage2_vector", 127 0;
v00000231668106a0_0 .net "stage_active", 0 0, L_00000231666d14a0;  1 drivers
v0000023166810740_0 .net "start", 0 0, v00000231668118f0_0;  1 drivers
v000002316680fac0_0 .net "start_epoch", 0 0, L_00000231666d0da0;  1 drivers
v000002316680fb60_0 .net "validate_vector", 127 0, L_00000231666d0c50;  alias, 1 drivers
E_00000231667b0650/0 .event negedge, v0000023166810100_0;
E_00000231667b0650/1 .event posedge, v000002316680fe80_0;
E_00000231667b0650 .event/or E_00000231667b0650/0, E_00000231667b0650/1;
L_0000023166812930 .part v0000023166810d80_0, 1, 7;
L_0000023166813010 .concat [ 7 1 0 0], L_0000023166812930, L_00000231668151e8;
L_0000023166812390 .arith/sub 8, L_0000023166813010, L_0000023166815230;
L_0000023166811530 .part L_0000023166812390, 0, 7;
L_00000231668121b0 .reduce/nor L_00000231666d14a0;
L_0000023166812250 .concat [ 3 29 0 0], v000002316680f840_0, L_0000023166815278;
L_0000023166812b10 .cmp/ne 32, L_0000023166812250, L_00000231668152c0;
L_00000231668115d0 .cmp/eq 7, v000002316680f7a0_0, L_0000023166811530;
L_0000023166812430 .concat [ 3 29 0 0], v000002316680f840_0, L_0000023166815308;
L_00000231668127f0 .cmp/ne 32, L_0000023166812430, L_0000023166815350;
S_000002316677f730 .scope module, "mfu" "mem_fetch_unit" 3 49, 5 4 0, S_00000231666c8f70;
 .timescale -9 -10;
    .port_info 0 /INPUT 1 "clk";
    .port_info 1 /INPUT 1 "resetN";
    .port_info 2 /INPUT 1 "fetch";
    .port_info 3 /INPUT 1 "valid";
    .port_info 4 /INPUT 128 "mem_data";
    .port_info 5 /OUTPUT 1 "ready";
    .port_info 6 /OUTPUT 128 "features_out";
    .port_info 7 /OUTPUT 1 "updated";
P_000002316668bea0 .param/l "DATA_WIDTH" 0 5 15, +C4<00000000000000000000000010000000>;
P_000002316668bed8 .param/l "FEATURE_WIDTH" 0 5 16, +C4<00000000000000000000000010000000>;
P_000002316668bf10 .param/l "STATE_IDLE" 1 5 33, C4<0>;
P_000002316668bf48 .param/l "STATE_PENDING" 1 5 34, C4<1>;
v000002316680ffc0_0 .net "clk", 0 0, v0000023166810e20_0;  alias, 1 drivers
v000002316680fc00_0 .var "features_out", 127 0;
v00000231668101a0_0 .net "fetch", 0 0, v0000023166810a60_0;  alias, 1 drivers
v00000231668104c0_0 .net "mem_data", 127 0, v0000023166811210_0;  1 drivers
v00000231668107e0_0 .var "ready", 0 0;
v0000023166810920_0 .net "resetN", 0 0, v0000023166811f30_0;  alias, 1 drivers
v00000231668109c0_0 .var "state", 0 0;
v0000023166810ce0_0 .var "updated", 0 0;
v0000023166810f60_0 .net "valid", 0 0, v0000023166812750_0;  1 drivers
S_000002316677f8c0 .scope task, "run_to_epoch_start" "run_to_epoch_start" 3 176, 3 176 0, S_00000231666c8f70;
 .timescale -9 -10;
E_00000231667b1050 .event posedge, v000002316680fe80_0;
TD_pipeline_manager_tb.run_to_epoch_start ;
T_1.8 ;
    %load/vec4 v0000023166810ec0_0;
    %cmpi/ne 0, 0, 7;
    %jmp/1 T_1.10, 6;
    %flag_mov 8, 6;
    %load/vec4 v0000023166812610_0;
    %cmpi/ne 1, 0, 1;
    %flag_or 6, 8;
T_1.10;
    %jmp/0xz T_1.9, 6;
    %wait E_00000231667b1050;
    %delay 20, 0;
    %jmp T_1.8;
T_1.9 ;
    %end;
S_00000231667594c0 .scope task, "send_vector" "send_vector" 3 162, 3 162 0, S_00000231666c8f70;
 .timescale -9 -10;
v0000023166810ba0_0 .var "vec", 127 0;
E_00000231667b0ed0 .event anyedge, v00000231668107e0_0;
TD_pipeline_manager_tb.send_vector ;
T_2.11 ;
    %load/vec4 v00000231668124d0_0;
    %pushi/vec4 1, 0, 1;
    %cmp/e;
    %flag_get/vec4 6;
    %cmpi/ne 1, 0, 1;
    %jmp/0xz T_2.12, 6;
    %wait E_00000231667b0ed0;
    %jmp T_2.11;
T_2.12 ;
    %load/vec4 v0000023166810ba0_0;
    %assign/vec4 v0000023166811210_0, 0;
    %pushi/vec4 1, 0, 1;
    %assign/vec4 v0000023166812750_0, 0;
    %wait E_00000231667b1050;
    %delay 20, 0;
    %pushi/vec4 0, 0, 1;
    %assign/vec4 v0000023166812750_0, 0;
    %pushi/vec4 0, 0, 128;
    %assign/vec4 v0000023166811210_0, 0;
    %end;
    .scope S_0000023166798220;
T_3 ;
    %wait E_00000231667b0650;
    %load/vec4 v0000023166810100_0;
    %nor/r;
    %flag_set/vec4 8;
    %jmp/0xz  T_3.0, 8;
    %pushi/vec4 0, 0, 1;
    %assign/vec4 v0000023166810a60_0, 10;
    %pushi/vec4 0, 0, 7;
    %assign/vec4 v000002316680f7a0_0, 10;
    %pushi/vec4 0, 0, 128;
    %assign/vec4 v000002316680ff20_0, 10;
    %pushi/vec4 0, 0, 128;
    %assign/vec4 v000002316680f3e0_0, 10;
    %pushi/vec4 0, 0, 128;
    %assign/vec4 v0000023166810060_0, 10;
    %pushi/vec4 0, 0, 1;
    %assign/vec4 v0000023166810420_0, 10;
    %pushi/vec4 0, 0, 1;
    %assign/vec4 v000002316680f660_0, 10;
    %pushi/vec4 0, 0, 1;
    %assign/vec4 v000002316680f520_0, 10;
    %pushi/vec4 0, 0, 3;
    %assign/vec4 v0000023166811000_0, 10;
    %pushi/vec4 0, 0, 2;
    %assign/vec4 v000002316680fa20_0, 10;
    %pushi/vec4 0, 0, 2;
    %assign/vec4 v0000023166810600_0, 10;
    %pushi/vec4 0, 0, 3;
    %assign/vec4 v000002316680f840_0, 10;
    %pushi/vec4 0, 0, 1;
    %assign/vec4 v000002316680fd40_0, 10;
    %jmp T_3.1;
T_3.0 ;
    %load/vec4 v0000023166810740_0;
    %nor/r;
    %flag_set/vec4 8;
    %jmp/0xz  T_3.2, 8;
    %pushi/vec4 0, 0, 1;
    %assign/vec4 v0000023166810a60_0, 10;
    %pushi/vec4 0, 0, 7;
    %assign/vec4 v000002316680f7a0_0, 10;
    %pushi/vec4 0, 0, 128;
    %assign/vec4 v000002316680ff20_0, 10;
    %pushi/vec4 0, 0, 128;
    %assign/vec4 v000002316680f3e0_0, 10;
    %pushi/vec4 0, 0, 128;
    %assign/vec4 v0000023166810060_0, 10;
    %pushi/vec4 0, 0, 1;
    %assign/vec4 v0000023166810420_0, 10;
    %pushi/vec4 0, 0, 1;
    %assign/vec4 v000002316680f660_0, 10;
    %pushi/vec4 0, 0, 1;
    %assign/vec4 v000002316680f520_0, 10;
    %pushi/vec4 0, 0, 3;
    %assign/vec4 v0000023166811000_0, 10;
    %pushi/vec4 0, 0, 2;
    %assign/vec4 v000002316680fa20_0, 10;
    %pushi/vec4 0, 0, 2;
    %assign/vec4 v0000023166810600_0, 10;
    %pushi/vec4 0, 0, 3;
    %assign/vec4 v000002316680f840_0, 10;
    %pushi/vec4 0, 0, 1;
    %assign/vec4 v000002316680fd40_0, 10;
    %jmp T_3.3;
T_3.2 ;
    %pushi/vec4 0, 0, 1;
    %assign/vec4 v0000023166810a60_0, 10;
    %load/vec4 v00000231668102e0_0;
    %flag_set/vec4 8;
    %jmp/0xz  T_3.4, 8;
    %load/vec4 v0000023166810880_0;
    %load/vec4 v000002316680fa20_0;
    %pad/u 4;
    %ix/vec4 3;
    %ix/load 4, 10, 0; Constant delay
    %assign/vec4/a/d v000002316680f8e0, 0, 4;
    %load/vec4 v000002316680fa20_0;
    %addi 1, 0, 2;
    %assign/vec4 v000002316680fa20_0, 10;
    %pushi/vec4 0, 0, 1;
    %assign/vec4 v000002316680fd40_0, 10;
T_3.4 ;
    %load/vec4 v000002316680fac0_0;
    %flag_set/vec4 8;
    %jmp/0xz  T_3.6, 8;
    %load/vec4 v0000023166810600_0;
    %pad/u 4;
    %ix/vec4 4;
    %load/vec4a v000002316680f8e0, 4;
    %assign/vec4 v000002316680ff20_0, 10;
    %pushi/vec4 0, 0, 128;
    %assign/vec4 v000002316680f3e0_0, 10;
    %pushi/vec4 0, 0, 128;
    %assign/vec4 v0000023166810060_0, 10;
    %pushi/vec4 1, 0, 1;
    %assign/vec4 v0000023166810420_0, 10;
    %pushi/vec4 0, 0, 1;
    %assign/vec4 v000002316680f660_0, 10;
    %pushi/vec4 0, 0, 1;
    %assign/vec4 v000002316680f520_0, 10;
    %pushi/vec4 0, 0, 7;
    %assign/vec4 v000002316680f7a0_0, 10;
    %pushi/vec4 1, 0, 3;
    %assign/vec4 v0000023166811000_0, 10;
    %jmp T_3.7;
T_3.6 ;
    %load/vec4 v000002316680f980_0;
    %flag_set/vec4 8;
    %jmp/0xz  T_3.8, 8;
    %load/vec4 v000002316680f3e0_0;
    %assign/vec4 v0000023166810060_0, 10;
    %load/vec4 v000002316680ff20_0;
    %assign/vec4 v000002316680f3e0_0, 10;
    %load/vec4 v00000231668110a0_0;
    %flag_set/vec4 8;
    %jmp/0 T_3.10, 8;
    %load/vec4 v0000023166810600_0;
    %pad/u 4;
    %ix/vec4 4;
    %load/vec4a v000002316680f8e0, 4;
    %jmp/1 T_3.11, 8;
T_3.10 ; End of true expr.
    %pushi/vec4 0, 0, 128;
    %jmp/0 T_3.11, 8;
 ; End of false expr.
    %blend;
T_3.11;
    %assign/vec4 v000002316680ff20_0, 10;
    %load/vec4 v0000023166811000_0;
    %pad/u 32;
    %cmpi/u 2, 0, 32;
    %flag_inv 5; GE is !LT
    %flag_mov 8, 5;
    %jmp/0 T_3.12, 8;
    %load/vec4 v000002316680f660_0;
    %jmp/1 T_3.13, 8;
T_3.12 ; End of true expr.
    %pushi/vec4 0, 0, 1;
    %jmp/0 T_3.13, 8;
 ; End of false expr.
    %blend;
T_3.13;
    %assign/vec4 v000002316680f520_0, 10;
    %load/vec4 v0000023166811000_0;
    %pad/u 32;
    %cmpi/u 1, 0, 32;
    %flag_inv 5; GE is !LT
    %flag_mov 8, 5;
    %jmp/0 T_3.14, 8;
    %load/vec4 v0000023166810420_0;
    %jmp/1 T_3.15, 8;
T_3.14 ; End of true expr.
    %pushi/vec4 0, 0, 1;
    %jmp/0 T_3.15, 8;
 ; End of false expr.
    %blend;
T_3.15;
    %assign/vec4 v000002316680f660_0, 10;
    %load/vec4 v00000231668110a0_0;
    %assign/vec4 v0000023166810420_0, 10;
    %pushi/vec4 0, 0, 7;
    %assign/vec4 v000002316680f7a0_0, 10;
    %load/vec4 v0000023166811000_0;
    %pad/u 32;
    %cmpi/u 7, 0, 32;
    %jmp/0xz  T_3.16, 5;
    %load/vec4 v0000023166811000_0;
    %addi 1, 0, 3;
    %assign/vec4 v0000023166811000_0, 10;
T_3.16 ;
    %jmp T_3.9;
T_3.8 ;
    %load/vec4 v00000231668106a0_0;
    %flag_set/vec4 8;
    %jmp/0xz  T_3.18, 8;
    %load/vec4 v000002316680f7a0_0;
    %addi 1, 0, 7;
    %assign/vec4 v000002316680f7a0_0, 10;
    %jmp T_3.19;
T_3.18 ;
    %pushi/vec4 0, 0, 7;
    %assign/vec4 v000002316680f7a0_0, 10;
T_3.19 ;
T_3.9 ;
T_3.7 ;
    %load/vec4 v0000023166810240_0;
    %flag_set/vec4 9;
    %flag_get/vec4 9;
    %jmp/0 T_3.22, 9;
    %load/vec4 v00000231668102e0_0;
    %and;
T_3.22;
    %flag_set/vec4 8;
    %jmp/0xz  T_3.20, 8;
    %load/vec4 v0000023166810600_0;
    %addi 1, 0, 2;
    %assign/vec4 v0000023166810600_0, 10;
    %load/vec4 v000002316680f840_0;
    %assign/vec4 v000002316680f840_0, 10;
    %jmp T_3.21;
T_3.20 ;
    %load/vec4 v0000023166810240_0;
    %flag_set/vec4 8;
    %jmp/0xz  T_3.23, 8;
    %load/vec4 v0000023166810600_0;
    %addi 1, 0, 2;
    %assign/vec4 v0000023166810600_0, 10;
    %load/vec4 v000002316680f840_0;
    %subi 1, 0, 3;
    %assign/vec4 v000002316680f840_0, 10;
    %jmp T_3.24;
T_3.23 ;
    %load/vec4 v00000231668102e0_0;
    %flag_set/vec4 8;
    %jmp/0xz  T_3.25, 8;
    %load/vec4 v000002316680f840_0;
    %addi 1, 0, 3;
    %assign/vec4 v000002316680f840_0, 10;
T_3.25 ;
T_3.24 ;
T_3.21 ;
    %load/vec4 v000002316680fd40_0;
    %nor/r;
    %flag_set/vec4 9;
    %flag_get/vec4 9;
    %jmp/0 T_3.29, 9;
    %load/vec4 v000002316680f840_0;
    %pad/u 32;
    %cmpi/u 4, 0, 32;
    %flag_get/vec4 5;
    %and;
T_3.29;
    %flag_set/vec4 8;
    %jmp/0xz  T_3.27, 8;
    %pushi/vec4 1, 0, 1;
    %assign/vec4 v0000023166810a60_0, 10;
    %pushi/vec4 1, 0, 1;
    %assign/vec4 v000002316680fd40_0, 10;
T_3.27 ;
T_3.3 ;
T_3.1 ;
    %jmp T_3;
    .thread T_3;
    .scope S_000002316677f730;
T_4 ;
    %wait E_00000231667b0650;
    %load/vec4 v0000023166810920_0;
    %nor/r;
    %flag_set/vec4 8;
    %jmp/0xz  T_4.0, 8;
    %pushi/vec4 0, 0, 1;
    %assign/vec4 v00000231668109c0_0, 10;
    %pushi/vec4 0, 0, 1;
    %assign/vec4 v00000231668107e0_0, 10;
    %pushi/vec4 0, 0, 128;
    %assign/vec4 v000002316680fc00_0, 10;
    %pushi/vec4 0, 0, 1;
    %assign/vec4 v0000023166810ce0_0, 10;
    %jmp T_4.1;
T_4.0 ;
    %load/vec4 v00000231668109c0_0;
    %dup/vec4;
    %pushi/vec4 0, 0, 1;
    %cmp/u;
    %jmp/1 T_4.2, 6;
    %dup/vec4;
    %pushi/vec4 1, 0, 1;
    %cmp/u;
    %jmp/1 T_4.3, 6;
    %pushi/vec4 0, 0, 1;
    %assign/vec4 v00000231668109c0_0, 10;
    %pushi/vec4 0, 0, 1;
    %assign/vec4 v00000231668107e0_0, 10;
    %pushi/vec4 0, 0, 1;
    %assign/vec4 v0000023166810ce0_0, 10;
    %jmp T_4.5;
T_4.2 ;
    %pushi/vec4 0, 0, 1;
    %assign/vec4 v00000231668107e0_0, 10;
    %pushi/vec4 0, 0, 1;
    %assign/vec4 v0000023166810ce0_0, 10;
    %load/vec4 v00000231668101a0_0;
    %flag_set/vec4 8;
    %jmp/0xz  T_4.6, 8;
    %pushi/vec4 1, 0, 1;
    %assign/vec4 v00000231668109c0_0, 10;
    %pushi/vec4 1, 0, 1;
    %assign/vec4 v00000231668107e0_0, 10;
T_4.6 ;
    %jmp T_4.5;
T_4.3 ;
    %pushi/vec4 1, 0, 1;
    %assign/vec4 v00000231668107e0_0, 10;
    %pushi/vec4 0, 0, 1;
    %assign/vec4 v0000023166810ce0_0, 10;
    %load/vec4 v0000023166810f60_0;
    %flag_set/vec4 8;
    %jmp/0xz  T_4.8, 8;
    %load/vec4 v00000231668104c0_0;
    %assign/vec4 v000002316680fc00_0, 10;
    %pushi/vec4 0, 0, 1;
    %assign/vec4 v00000231668109c0_0, 10;
    %pushi/vec4 0, 0, 1;
    %assign/vec4 v00000231668107e0_0, 10;
    %pushi/vec4 1, 0, 1;
    %assign/vec4 v0000023166810ce0_0, 10;
T_4.8 ;
    %jmp T_4.5;
T_4.5 ;
    %pop/vec4 1;
T_4.1 ;
    %jmp T_4;
    .thread T_4;
    .scope S_00000231666c8f70;
T_5 ;
    %delay 25, 0;
    %load/vec4 v0000023166810e20_0;
    %inv;
    %store/vec4 v0000023166810e20_0, 0, 1;
    %jmp T_5;
    .thread T_5;
    .scope S_00000231666c8f70;
T_6 ;
    %vpi_call/w 3 63 "$dumpfile", "pipeline_manager_tb.vcd" {0 0 0};
    %vpi_call/w 3 64 "$dumpvars", 32'sb00000000000000000000000000000000, S_00000231666c8f70 {0 0 0};
    %pushi/vec4 0, 0, 1;
    %store/vec4 v0000023166810e20_0, 0, 1;
    %pushi/vec4 0, 0, 1;
    %store/vec4 v0000023166811f30_0, 0, 1;
    %pushi/vec4 0, 0, 1;
    %store/vec4 v00000231668118f0_0, 0, 1;
    %pushi/vec4 8, 0, 8;
    %store/vec4 v0000023166810d80_0, 0, 8;
    %pushi/vec4 0, 0, 1;
    %store/vec4 v0000023166812750_0, 0, 1;
    %pushi/vec4 0, 0, 128;
    %store/vec4 v0000023166811210_0, 0, 128;
    %delay 20, 0;
    %pushi/vec4 0, 0, 1;
    %store/vec4 v00000231666d2e80_0, 0, 1;
    %pushi/vec4 0, 0, 1;
    %store/vec4 v00000231666d2520_0, 0, 1;
    %pushi/vec4 0, 0, 1;
    %store/vec4 v00000231666d25c0_0, 0, 1;
    %pushi/vec4 0, 0, 1;
    %store/vec4 v00000231666d2020_0, 0, 1;
    %pushi/vec4 0, 0, 7;
    %store/vec4 v00000231666d22a0_0, 0, 7;
    %pushi/vec4 0, 0, 128;
    %store/vec4 v00000231666d2c00_0, 0, 128;
    %pushi/vec4 0, 0, 128;
    %store/vec4 v00000231666d2660_0, 0, 128;
    %pushi/vec4 0, 0, 32; draw_string_vec4
    %pushi/vec4 0, 0, 32; draw_string_vec4
    %concat/vec4; draw_string_vec4
    %pushi/vec4 0, 0, 32; draw_string_vec4
    %concat/vec4; draw_string_vec4
    %pushi/vec4 1919251301, 0, 32; draw_string_vec4
    %concat/vec4; draw_string_vec4
    %pushi/vec4 1948279660, 0, 32; draw_string_vec4
    %concat/vec4; draw_string_vec4
    %pushi/vec4 1700885107, 0, 32; draw_string_vec4
    %concat/vec4; draw_string_vec4
    %pushi/vec4 544175476, 0, 32; draw_string_vec4
    %concat/vec4; draw_string_vec4
    %pushi/vec4 1886745715, 0, 32; draw_string_vec4
    %concat/vec4; draw_string_vec4
    %store/vec4 v00000231666d2700_0, 0, 256;
    %fork TD_pipeline_manager_tb.check_outputs, S_0000023166798090;
    %join;
    %pushi/vec4 1, 0, 1;
    %assign/vec4 v0000023166811f30_0, 0;
    %wait E_00000231667b1050;
    %delay 20, 0;
    %load/vec4 v0000023166811e90_0;
    %store/vec4 v00000231666d2e80_0, 0, 1;
    %pushi/vec4 0, 0, 1;
    %store/vec4 v00000231666d2520_0, 0, 1;
    %pushi/vec4 0, 0, 1;
    %store/vec4 v00000231666d25c0_0, 0, 1;
    %pushi/vec4 0, 0, 1;
    %store/vec4 v00000231666d2020_0, 0, 1;
    %pushi/vec4 0, 0, 7;
    %store/vec4 v00000231666d22a0_0, 0, 7;
    %pushi/vec4 0, 0, 128;
    %store/vec4 v00000231666d2c00_0, 0, 128;
    %pushi/vec4 0, 0, 128;
    %store/vec4 v00000231666d2660_0, 0, 128;
    %pushi/vec4 0, 0, 32; draw_string_vec4
    %pushi/vec4 0, 0, 32; draw_string_vec4
    %concat/vec4; draw_string_vec4
    %pushi/vec4 0, 0, 32; draw_string_vec4
    %concat/vec4; draw_string_vec4
    %pushi/vec4 105, 0, 32; draw_string_vec4
    %concat/vec4; draw_string_vec4
    %pushi/vec4 1684825376, 0, 32; draw_string_vec4
    %concat/vec4; draw_string_vec4
    %pushi/vec4 1650812527, 0, 32; draw_string_vec4
    %concat/vec4; draw_string_vec4
    %pushi/vec4 1919230067, 0, 32; draw_string_vec4
    %concat/vec4; draw_string_vec4
    %pushi/vec4 1952543348, 0, 32; draw_string_vec4
    %concat/vec4; draw_string_vec4
    %store/vec4 v00000231666d2700_0, 0, 256;
    %fork TD_pipeline_manager_tb.check_outputs, S_0000023166798090;
    %join;
    %pushi/vec4 1, 0, 1;
    %assign/vec4 v00000231668118f0_0, 0;
T_6.0 ;
    %load/vec4 v0000023166811e90_0;
    %pushi/vec4 1, 0, 1;
    %cmp/e;
    %flag_get/vec4 6;
    %cmpi/ne 1, 0, 1;
    %jmp/0xz T_6.1, 6;
    %wait E_00000231667b0a90;
    %jmp T_6.0;
T_6.1 ;
    %pushi/vec4 2290684177, 0, 35;
    %concati/vec4 2577015330, 0, 32;
    %concati/vec4 2863346483, 0, 32;
    %concati/vec4 393709704, 0, 29;
    %store/vec4 v0000023166810ba0_0, 0, 128;
    %fork TD_pipeline_manager_tb.send_vector, S_00000231667594c0;
    %join;
T_6.2 ;
    %load/vec4 v0000023166812610_0;
    %pushi/vec4 1, 0, 1;
    %cmp/e;
    %flag_get/vec4 6;
    %cmpi/ne 1, 0, 1;
    %jmp/0xz T_6.3, 6;
    %wait E_00000231667b1190;
    %jmp T_6.2;
T_6.3 ;
    %wait E_00000231667b1050;
    %delay 20, 0;
    %load/vec4 v0000023166811e90_0;
    %store/vec4 v00000231666d2e80_0, 0, 1;
    %pushi/vec4 1, 0, 1;
    %store/vec4 v00000231666d2520_0, 0, 1;
    %pushi/vec4 0, 0, 1;
    %store/vec4 v00000231666d25c0_0, 0, 1;
    %pushi/vec4 0, 0, 1;
    %store/vec4 v00000231666d2020_0, 0, 1;
    %load/vec4 v0000023166810ec0_0;
    %store/vec4 v00000231666d22a0_0, 0, 7;
    %pushi/vec4 2290684177, 0, 35;
    %concati/vec4 2577015330, 0, 32;
    %concati/vec4 2863346483, 0, 32;
    %concati/vec4 393709704, 0, 29;
    %store/vec4 v00000231666d2c00_0, 0, 128;
    %pushi/vec4 0, 0, 128;
    %store/vec4 v00000231666d2660_0, 0, 128;
    %pushi/vec4 3335536870, 0, 33;
    %concati/vec4 3905086696, 0, 32;
    %concati/vec4 3863015122, 0, 32;
    %concati/vec4 3905962192, 0, 32;
    %concati/vec4 3536373962, 0, 32;
    %concati/vec4 3695240936, 0, 32;
    %concati/vec4 3268332096, 0, 32;
    %concati/vec4 1869507705, 0, 31;
    %store/vec4 v00000231666d2700_0, 0, 256;
    %fork TD_pipeline_manager_tb.check_outputs, S_0000023166798090;
    %join;
    %pushi/vec4 2576984746, 0, 32;
    %concati/vec4 3149647052, 0, 32;
    %concati/vec4 3722309358, 0, 32;
    %concati/vec4 4294901760, 0, 32;
    %store/vec4 v0000023166810ba0_0, 0, 128;
    %fork TD_pipeline_manager_tb.send_vector, S_00000231667594c0;
    %join;
    %fork TD_pipeline_manager_tb.run_to_epoch_start, S_000002316677f8c0;
    %join;
    %load/vec4 v0000023166811e90_0;
    %store/vec4 v00000231666d2e80_0, 0, 1;
    %pushi/vec4 1, 0, 1;
    %store/vec4 v00000231666d2520_0, 0, 1;
    %pushi/vec4 1, 0, 1;
    %store/vec4 v00000231666d25c0_0, 0, 1;
    %pushi/vec4 0, 0, 1;
    %store/vec4 v00000231666d2020_0, 0, 1;
    %pushi/vec4 0, 0, 7;
    %store/vec4 v00000231666d22a0_0, 0, 7;
    %pushi/vec4 2576984746, 0, 32;
    %concati/vec4 3149647052, 0, 32;
    %concati/vec4 3722309358, 0, 32;
    %concati/vec4 4294901760, 0, 32;
    %store/vec4 v00000231666d2c00_0, 0, 128;
    %pushi/vec4 0, 0, 128;
    %store/vec4 v00000231666d2660_0, 0, 128;
    %pushi/vec4 3402030812, 0, 33;
    %concati/vec4 3359689440, 0, 32;
    %concati/vec4 3737571392, 0, 32;
    %concati/vec4 3403465412, 0, 32;
    %concati/vec4 3637175872, 0, 32;
    %concati/vec4 3739936992, 0, 32;
    %concati/vec4 3941089510, 0, 32;
    %concati/vec4 1952540517, 0, 31;
    %store/vec4 v00000231666d2700_0, 0, 256;
    %fork TD_pipeline_manager_tb.check_outputs, S_0000023166798090;
    %join;
    %pushi/vec4 2443359172, 0, 39;
    %concati/vec4 3588683775, 0, 32;
    %concati/vec4 3703216246, 0, 33;
    %concati/vec4 5517840, 0, 24;
    %store/vec4 v0000023166810ba0_0, 0, 128;
    %fork TD_pipeline_manager_tb.send_vector, S_00000231667594c0;
    %join;
    %fork TD_pipeline_manager_tb.run_to_epoch_start, S_000002316677f8c0;
    %join;
    %load/vec4 v0000023166811e90_0;
    %store/vec4 v00000231666d2e80_0, 0, 1;
    %pushi/vec4 1, 0, 1;
    %store/vec4 v00000231666d2520_0, 0, 1;
    %pushi/vec4 1, 0, 1;
    %store/vec4 v00000231666d25c0_0, 0, 1;
    %pushi/vec4 1, 0, 1;
    %store/vec4 v00000231666d2020_0, 0, 1;
    %pushi/vec4 0, 0, 7;
    %store/vec4 v00000231666d22a0_0, 0, 7;
    %pushi/vec4 2443359172, 0, 39;
    %concati/vec4 3588683775, 0, 32;
    %concati/vec4 3703216246, 0, 33;
    %concati/vec4 5517840, 0, 24;
    %store/vec4 v00000231666d2c00_0, 0, 128;
    %pushi/vec4 2290684177, 0, 35;
    %concati/vec4 2577015330, 0, 32;
    %concati/vec4 2863346483, 0, 32;
    %concati/vec4 393709704, 0, 29;
    %store/vec4 v00000231666d2660_0, 0, 128;
    %pushi/vec4 3874013902, 0, 33;
    %concati/vec4 3393241820, 0, 32;
    %concati/vec4 3359687384, 0, 32;
    %concati/vec4 3536772326, 0, 32;
    %concati/vec4 2178516401, 0, 33;
    %concati/vec4 2777777617, 0, 32;
    %concati/vec4 2491537813, 0, 32;
    %concati/vec4 594833266, 0, 30;
    %store/vec4 v00000231666d2700_0, 0, 256;
    %fork TD_pipeline_manager_tb.check_outputs, S_0000023166798090;
    %join;
    %pushi/vec4 2596069113, 0, 35;
    %concati/vec4 2367003650, 0, 34;
    %concati/vec4 3588683721, 0, 33;
    %concati/vec4 6860000, 0, 26;
    %store/vec4 v0000023166810ba0_0, 0, 128;
    %fork TD_pipeline_manager_tb.send_vector, S_00000231667594c0;
    %join;
    %fork TD_pipeline_manager_tb.run_to_epoch_start, S_000002316677f8c0;
    %join;
    %load/vec4 v0000023166811e90_0;
    %store/vec4 v00000231666d2e80_0, 0, 1;
    %pushi/vec4 1, 0, 1;
    %store/vec4 v00000231666d2520_0, 0, 1;
    %pushi/vec4 1, 0, 1;
    %store/vec4 v00000231666d25c0_0, 0, 1;
    %pushi/vec4 1, 0, 1;
    %store/vec4 v00000231666d2020_0, 0, 1;
    %pushi/vec4 0, 0, 7;
    %store/vec4 v00000231666d22a0_0, 0, 7;
    %pushi/vec4 2596069113, 0, 35;
    %concati/vec4 2367003650, 0, 34;
    %concati/vec4 3588683721, 0, 33;
    %concati/vec4 6860000, 0, 26;
    %store/vec4 v00000231666d2c00_0, 0, 128;
    %pushi/vec4 2576984746, 0, 32;
    %concati/vec4 3149647052, 0, 32;
    %concati/vec4 3722309358, 0, 32;
    %concati/vec4 4294901760, 0, 32;
    %store/vec4 v00000231666d2660_0, 0, 128;
    %pushi/vec4 3537947352, 0, 33;
    %concati/vec4 3537685056, 0, 32;
    %concati/vec4 3603614432, 0, 32;
    %concati/vec4 3863003864, 0, 32;
    %concati/vec4 3628132072, 0, 32;
    %concati/vec4 3268332262, 0, 32;
    %concati/vec4 2174073221, 0, 33;
    %concati/vec4 577529188, 0, 30;
    %store/vec4 v00000231666d2700_0, 0, 256;
    %fork TD_pipeline_manager_tb.check_outputs, S_0000023166798090;
    %join;
    %pushi/vec4 0, 0, 1;
    %assign/vec4 v00000231668118f0_0, 0;
    %wait E_00000231667b1050;
    %delay 20, 0;
    %pushi/vec4 0, 0, 1;
    %store/vec4 v00000231666d2e80_0, 0, 1;
    %pushi/vec4 0, 0, 1;
    %store/vec4 v00000231666d2520_0, 0, 1;
    %pushi/vec4 0, 0, 1;
    %store/vec4 v00000231666d25c0_0, 0, 1;
    %pushi/vec4 0, 0, 1;
    %store/vec4 v00000231666d2020_0, 0, 1;
    %pushi/vec4 0, 0, 7;
    %store/vec4 v00000231666d22a0_0, 0, 7;
    %pushi/vec4 0, 0, 128;
    %store/vec4 v00000231666d2c00_0, 0, 128;
    %pushi/vec4 0, 0, 128;
    %store/vec4 v00000231666d2660_0, 0, 128;
    %pushi/vec4 1937006962, 0, 32; draw_string_vec4
    %pushi/vec4 1948281967, 0, 32; draw_string_vec4
    %concat/vec4; draw_string_vec4
    %pushi/vec4 1998615141, 0, 32; draw_string_vec4
    %concat/vec4; draw_string_vec4
    %pushi/vec4 1953854062, 0, 32; draw_string_vec4
    %concat/vec4; draw_string_vec4
    %pushi/vec4 1931505007, 0, 32; draw_string_vec4
    %concat/vec4; draw_string_vec4
    %pushi/vec4 1685417061, 0, 32; draw_string_vec4
    %concat/vec4; draw_string_vec4
    %pushi/vec4 544501536, 0, 32; draw_string_vec4
    %concat/vec4; draw_string_vec4
    %pushi/vec4 1768189029, 0, 32; draw_string_vec4
    %concat/vec4; draw_string_vec4
    %store/vec4 v00000231666d2700_0, 0, 256;
    %fork TD_pipeline_manager_tb.check_outputs, S_0000023166798090;
    %join;
    %vpi_call/w 3 127 "$display", "PIPELINE_MANAGER TB PASSED" {0 0 0};
    %vpi_call/w 3 128 "$finish" {0 0 0};
    %end;
    .thread T_6;
# The file index is used to find the file name in the following table.
:file_names 6;
    "N/A";
    "<interactive>";
    "-";
    "E:\Git-Repos\ANIDS-VLSI-PROJECT\ANIDS\tb\integration\pipeline_manager_tb.v";
    "E:\Git-Repos\ANIDS-VLSI-PROJECT\ANIDS\src\core\pipeline_manager.v";
    "E:\Git-Repos\ANIDS-VLSI-PROJECT\ANIDS\src\mem_fetch_unit.v";
