#! /c/Source/iverilog-install/bin/vvp
:ivl_version "12.0 (devel)" "(s20150603-1539-g2693dd32b)";
:ivl_delay_selection "TYPICAL";
:vpi_time_precision + 0;
:vpi_module "C:\iverilog\lib\ivl\system.vpi";
:vpi_module "C:\iverilog\lib\ivl\vhdl_sys.vpi";
:vpi_module "C:\iverilog\lib\ivl\vhdl_textio.vpi";
:vpi_module "C:\iverilog\lib\ivl\v2005_math.vpi";
:vpi_module "C:\iverilog\lib\ivl\va_math.vpi";
:vpi_module "C:\iverilog\lib\ivl\v2009.vpi";
S_000001df78f0b6c0 .scope package, "$unit" "$unit" 2 1;
 .timescale 0 0;
S_000001df79052c70 .scope module, "pipeline_manager" "pipeline_manager" 3 4;
 .timescale 0 0;
    .port_info 0 /INPUT 1 "clk";
    .port_info 1 /INPUT 1 "resetN";
    .port_info 2 /INPUT 1 "start";
    .port_info 3 /INPUT 7 "N";
    .port_info 4 /INPUT 128 "mfu_features";
    .port_info 5 /INPUT 1 "mfu_updated";
    .port_info 6 /OUTPUT 1 "fetch";
    .port_info 7 /OUTPUT 1 "enable";
    .port_info 8 /OUTPUT 128 "next_vector";
    .port_info 9 /OUTPUT 128 "validate_vector";
    .port_info 10 /OUTPUT 7 "counter";
P_000001df79052e00 .param/l "COUNTER_WIDTH" 0 3 19, +C4<00000000000000000000000000000111>;
P_000001df79052e38 .param/l "STATE_IDLE" 1 3 41, C4<00>;
P_000001df79052e70 .param/l "STATE_RUN" 1 3 43, C4<10>;
P_000001df79052ea8 .param/l "STATE_WAIT_VECTOR" 1 3 42, C4<01>;
P_000001df79052ee0 .param/l "VECTOR_WIDTH" 0 3 18, +C4<00000000000000000000000010000000>;
o000001df79058fa8 .functor BUFZ 7, C4<zzzzzzz>; HiZ drive
v000001df7902bcb0_0 .net "N", 6 0, o000001df79058fa8;  0 drivers
o000001df79058fd8 .functor BUFZ 1, C4<z>; HiZ drive
v000001df78f090f0_0 .net "clk", 0 0, o000001df79058fd8;  0 drivers
v000001df79058c90_0 .var "counter", 6 0;
v000001df79058850_0 .var "enable", 0 0;
v000001df79052f20_0 .var "fetch", 0 0;
v000001df79052fc0_0 .var "history_1", 127 0;
v000001df79039440_0 .var "history_2", 127 0;
o000001df790590f8 .functor BUFZ 128, C4<zzzzzzzzzzzzzzzzzzzzzzzzzzzzzzzzzzzzzzzzzzzzzzzzzzzzzzzzzzzzzzzzzzzzzzzzzzzzzzzzzzzzzzzzzzzzzzzzzzzzzzzzzzzzzzzzzzzzzzzzzzzzzzzz>; HiZ drive
v000001df790394e0_0 .net "mfu_features", 127 0, o000001df790590f8;  0 drivers
o000001df79059128 .functor BUFZ 1, C4<z>; HiZ drive
v000001df79039580_0 .net "mfu_updated", 0 0, o000001df79059128;  0 drivers
v000001df79039620_0 .var "next_vector", 127 0;
o000001df79059188 .functor BUFZ 1, C4<z>; HiZ drive
v000001df790396c0_0 .net "resetN", 0 0, o000001df79059188;  0 drivers
o000001df790591b8 .functor BUFZ 1, C4<z>; HiZ drive
v000001df79039760_0 .net "start", 0 0, o000001df790591b8;  0 drivers
v000001df79039800_0 .var "state", 1 0;
v000001df79033bc0_0 .var "validate_vector", 127 0;
E_000001df79055740/0 .event negedge, v000001df790396c0_0;
E_000001df79055740/1 .event posedge, v000001df78f090f0_0;
E_000001df79055740 .event/or E_000001df79055740/0, E_000001df79055740/1;
    .scope S_000001df79052c70;
T_0 ;
    %wait E_000001df79055740;
    %load/vec4 v000001df790396c0_0;
    %nor/r;
    %flag_set/vec4 8;
    %jmp/0xz  T_0.0, 8;
    %pushi/vec4 0, 0, 1;
    %assign/vec4 v000001df79052f20_0, 1;
    %pushi/vec4 0, 0, 1;
    %assign/vec4 v000001df79058850_0, 1;
    %pushi/vec4 0, 0, 128;
    %assign/vec4 v000001df79039620_0, 1;
    %pushi/vec4 0, 0, 128;
    %assign/vec4 v000001df79033bc0_0, 1;
    %pushi/vec4 0, 0, 128;
    %assign/vec4 v000001df79052fc0_0, 1;
    %pushi/vec4 0, 0, 128;
    %assign/vec4 v000001df79039440_0, 1;
    %pushi/vec4 0, 0, 7;
    %assign/vec4 v000001df79058c90_0, 1;
    %pushi/vec4 0, 0, 2;
    %assign/vec4 v000001df79039800_0, 1;
    %jmp T_0.1;
T_0.0 ;
    %pushi/vec4 0, 0, 1;
    %assign/vec4 v000001df79052f20_0, 1;
    %load/vec4 v000001df79039800_0;
    %dup/vec4;
    %pushi/vec4 0, 0, 2;
    %cmp/u;
    %jmp/1 T_0.2, 6;
    %dup/vec4;
    %pushi/vec4 1, 0, 2;
    %cmp/u;
    %jmp/1 T_0.3, 6;
    %dup/vec4;
    %pushi/vec4 2, 0, 2;
    %cmp/u;
    %jmp/1 T_0.4, 6;
    %pushi/vec4 0, 0, 1;
    %assign/vec4 v000001df79052f20_0, 1;
    %pushi/vec4 0, 0, 1;
    %assign/vec4 v000001df79058850_0, 1;
    %pushi/vec4 0, 0, 7;
    %assign/vec4 v000001df79058c90_0, 1;
    %pushi/vec4 0, 0, 2;
    %assign/vec4 v000001df79039800_0, 1;
    %jmp T_0.6;
T_0.2 ;
    %pushi/vec4 0, 0, 1;
    %assign/vec4 v000001df79058850_0, 1;
    %pushi/vec4 0, 0, 7;
    %assign/vec4 v000001df79058c90_0, 1;
    %load/vec4 v000001df79039760_0;
    %flag_set/vec4 8;
    %jmp/0xz  T_0.7, 8;
    %pushi/vec4 1, 0, 1;
    %assign/vec4 v000001df79052f20_0, 1;
    %pushi/vec4 1, 0, 2;
    %assign/vec4 v000001df79039800_0, 1;
T_0.7 ;
    %jmp T_0.6;
T_0.3 ;
    %pushi/vec4 0, 0, 1;
    %assign/vec4 v000001df79058850_0, 1;
    %load/vec4 v000001df79039760_0;
    %nor/r;
    %flag_set/vec4 8;
    %jmp/0xz  T_0.9, 8;
    %pushi/vec4 0, 0, 128;
    %assign/vec4 v000001df79039620_0, 1;
    %pushi/vec4 0, 0, 128;
    %assign/vec4 v000001df79033bc0_0, 1;
    %pushi/vec4 0, 0, 128;
    %assign/vec4 v000001df79052fc0_0, 1;
    %pushi/vec4 0, 0, 128;
    %assign/vec4 v000001df79039440_0, 1;
    %pushi/vec4 0, 0, 7;
    %assign/vec4 v000001df79058c90_0, 1;
    %pushi/vec4 0, 0, 2;
    %assign/vec4 v000001df79039800_0, 1;
    %jmp T_0.10;
T_0.9 ;
    %load/vec4 v000001df79039580_0;
    %flag_set/vec4 8;
    %jmp/0xz  T_0.11, 8;
    %load/vec4 v000001df79052fc0_0;
    %assign/vec4 v000001df79039440_0, 1;
    %load/vec4 v000001df79039620_0;
    %assign/vec4 v000001df79052fc0_0, 1;
    %load/vec4 v000001df790394e0_0;
    %assign/vec4 v000001df79039620_0, 1;
    %load/vec4 v000001df79039440_0;
    %assign/vec4 v000001df79033bc0_0, 1;
    %pushi/vec4 0, 0, 7;
    %assign/vec4 v000001df79058c90_0, 1;
    %pushi/vec4 1, 0, 1;
    %assign/vec4 v000001df79058850_0, 1;
    %pushi/vec4 2, 0, 2;
    %assign/vec4 v000001df79039800_0, 1;
T_0.11 ;
T_0.10 ;
    %jmp T_0.6;
T_0.4 ;
    %load/vec4 v000001df79039760_0;
    %nor/r;
    %flag_set/vec4 8;
    %jmp/0xz  T_0.13, 8;
    %pushi/vec4 0, 0, 1;
    %assign/vec4 v000001df79058850_0, 1;
    %pushi/vec4 0, 0, 128;
    %assign/vec4 v000001df79039620_0, 1;
    %pushi/vec4 0, 0, 128;
    %assign/vec4 v000001df79033bc0_0, 1;
    %pushi/vec4 0, 0, 128;
    %assign/vec4 v000001df79052fc0_0, 1;
    %pushi/vec4 0, 0, 128;
    %assign/vec4 v000001df79039440_0, 1;
    %pushi/vec4 0, 0, 7;
    %assign/vec4 v000001df79058c90_0, 1;
    %pushi/vec4 0, 0, 2;
    %assign/vec4 v000001df79039800_0, 1;
    %jmp T_0.14;
T_0.13 ;
    %pushi/vec4 1, 0, 1;
    %assign/vec4 v000001df79058850_0, 1;
    %load/vec4 v000001df79058c90_0;
    %load/vec4 v000001df7902bcb0_0;
    %cmp/e;
    %jmp/0xz  T_0.15, 4;
    %pushi/vec4 0, 0, 7;
    %assign/vec4 v000001df79058c90_0, 1;
    %pushi/vec4 1, 0, 1;
    %assign/vec4 v000001df79052f20_0, 1;
    %pushi/vec4 0, 0, 1;
    %assign/vec4 v000001df79058850_0, 1;
    %pushi/vec4 1, 0, 2;
    %assign/vec4 v000001df79039800_0, 1;
    %jmp T_0.16;
T_0.15 ;
    %load/vec4 v000001df79058c90_0;
    %addi 1, 0, 7;
    %assign/vec4 v000001df79058c90_0, 1;
T_0.16 ;
T_0.14 ;
    %jmp T_0.6;
T_0.6 ;
    %pop/vec4 1;
T_0.1 ;
    %jmp T_0;
    .thread T_0;
# The file index is used to find the file name in the following table.
:file_names 4;
    "N/A";
    "<interactive>";
    "-";
    "E:\Git-Repos\ANIDS-VLSI-PROJECT\ANIDS\src\pipeline_manager.v";
